#
# A fatal error has been detected by the Java Runtime Environment:
#
#  SIGSEGV (0xb) at pc=0x00007f0fb058b8d9, pid=340628, tid=340629
#
# JRE version: OpenJDK Runtime Environment (17.0.10+7) (build 17.0.10+7-Ubuntu-120.04.1)
# Java VM: OpenJDK 64-Bit Server VM (17.0.10+7-Ubuntu-120.04.1, mixed mode, sharing, tiered, compressed oops, compressed class ptrs, g1 gc, linux-amd64)
# Problematic frame:
# V  [libjvm.so+0x8398d9]  java_lang_String::utf8_length(oopDesc*, typeArrayOopDesc*)+0x29
#
# Core dump will be written. Default location: Core dumps may be processed with "/usr/share/apport/apport -p%p -s%s -c%c -d%d -P%P -u%u -g%g -- %E" (or dumping to /home/david/java-programs/core.340628)
#
# If you would like to submit a bug report, please visit:
#   Unknown
#

---------------  S U M M A R Y ------------

Command Line: -agentpath:/home/david/probe-scripts/libMethodArgsAgent.so EchoInput

Host: Intel(R) Xeon(R) Silver 4314 CPU @ 2.40GHz, 8 cores, 62G, Ubuntu 20.04.6 LTS
Time: Thu Apr 11 13:13:39 2024 EDT elapsed time: 0.045435 seconds (0d 0h 0m 0s)

---------------  T H R E A D  ---------------

Current thread (0x00007f0fa8014ee0):  JavaThread "main" [_thread_in_vm, id=340629, stack(0x00007f0faf8fb000,0x00007f0faf9fc000)]

Stack: [0x00007f0faf8fb000,0x00007f0faf9fc000],  sp=0x00007f0faf9fa4f8,  free space=1021k
Native frames: (J=compiled Java code, j=interpreted, Vv=VM code, C=native code)
V  [libjvm.so+0x8398d9]  java_lang_String::utf8_length(oopDesc*, typeArrayOopDesc*)+0x29
C  [libMethodArgsAgent.so+0x1256]  MethodEntryCallback+0xdd
V  [libjvm.so+0xa43682]  JvmtiExport::post_method_entry(JavaThread*, Method*, frame)+0x292
V  [libjvm.so+0x82c560]  InterpreterRuntime::post_method_entry(JavaThread*)+0x90
j  jdk.internal.misc.VM.getSavedProperty(Ljava/lang/String;)Ljava/lang/String;+0 java.base@17.0.10
j  sun.launcher.LauncherHelper.<clinit>()V+13 java.base@17.0.10
v  ~StubRoutines::call_stub
V  [libjvm.so+0x8357d5]  JavaCalls::call_helper(JavaValue*, methodHandle const&, JavaCallArguments*, JavaThread*)+0x325
V  [libjvm.so+0x813f0d]  InstanceKlass::call_class_initializer(JavaThread*)+0x23d
V  [libjvm.so+0x816502]  InstanceKlass::initialize_impl(JavaThread*)+0x612
V  [libjvm.so+0x8ccbac]  get_method_id(JNIEnv_*, _jclass*, char const*, char const*, bool, JavaThread*) [clone .constprop.0]+0xfc
V  [libjvm.so+0x8ccfbb]  jni_GetStaticMethodID+0xbb
C  [libjli.so+0x42e9]  JavaMain+0x589
C  [libjli.so+0x817d]  ThreadJavaMain+0xd

Java frames: (J=compiled Java code, j=interpreted, Vv=VM code)
j  jdk.internal.misc.VM.getSavedProperty(Ljava/lang/String;)Ljava/lang/String;+0 java.base@17.0.10
j  sun.launcher.LauncherHelper.<clinit>()V+13 java.base@17.0.10
v  ~StubRoutines::call_stub

siginfo: si_signo: 11 (SIGSEGV), si_code: 1 (SEGV_MAPERR), si_addr: 0x000000000003f884

Registers:
RAX=0x00007f0fb0f9a6c0, RBX=0x0000000000000000, RCX=0x0000000000000003, RDX=0x0000000000000000
RSP=0x00007f0faf9fa4f8, RBP=0x00007f0faf9fa560, RSI=0x000000000003f878, RDI=0x0000000000000010
R8 =0x00007f0fb061b0f0, R9 =0x00007f0fb072d530, R10=0x0000000000000110, R11=0x0000000000000011
R12=0x00007f0fa8014ee0, R13=0x00007f0fb0f9a6c0, R14=0x00007f0fa81d6c30, R15=0x000000000003f878
RIP=0x00007f0fb058b8d9, EFLAGS=0x0000000000010246, CSGSFS=0x002b000000000033, ERR=0x0000000000000004
  TRAPNO=0x000000000000000e


Register to memory mapping:

RAX=0x00007f0fb0f9a6c0: <offset 0x00000000012486c0> in /usr/lib/jvm/java-17-openjdk-amd64/lib/server/libjvm.so at 0x00007f0fafd52000
RBX=0x0 is NULL
RCX=0x0000000000000003 is an unknown value
RDX=0x0 is NULL
RSP=0x00007f0faf9fa4f8 is pointing into the stack for thread: 0x00007f0fa8014ee0
RBP=0x00007f0faf9fa560 is pointing into the stack for thread: 0x00007f0fa8014ee0
RSI=0x000000000003f878 is an unknown value
RDI=0x0000000000000010 is an unknown value
R8 =0x00007f0fb061b0f0: <offset 0x00000000008c90f0> in /usr/lib/jvm/java-17-openjdk-amd64/lib/server/libjvm.so at 0x00007f0fafd52000
R9 =0x00007f0fb072d530: <offset 0x00000000009db530> in /usr/lib/jvm/java-17-openjdk-amd64/lib/server/libjvm.so at 0x00007f0fafd52000
R10=0x0000000000000110 is an unknown value
R11=0x0000000000000011 is an unknown value
R12=0x00007f0fa8014ee0 is a thread
R13=0x00007f0fb0f9a6c0: <offset 0x00000000012486c0> in /usr/lib/jvm/java-17-openjdk-amd64/lib/server/libjvm.so at 0x00007f0fafd52000
R14=0x00007f0fa81d6c30 points into unknown readable memory: 0x00007f0fa8014ee0 | e0 4e 01 a8 0f 7f 00 00
R15=0x000000000003f878 is an unknown value


Top of Stack: (sp=0x00007f0faf9fa4f8)
0x00007f0faf9fa4f8:   00007f0fb061b1cf 00007f0faf9fa5a0
0x00007f0faf9fa508:   00007f0faf9fa598 00007f0fa8014ee0
0x00007f0faf9fa518:   0000000000000000 00007f0f00000000
0x00007f0faf9fa528:   0000000000000000 00007f0faf9fa590
0x00007f0faf9fa538:   00007f0fa8014ee0 00007f0faf9fa640
0x00007f0faf9fa548:   00007f0faf9fa600 00007f0fa81d6c30
0x00007f0faf9fa558:   0000000000000000 00007f0faf9fa5c0
0x00007f0faf9fa568:   00007f0fb1318256 00007f0fa81d7d10
0x00007f0faf9fa578:   00007f0fa81bfc90 00007f0fa8015190
0x00007f0faf9fa588:   00007f0fa8004340 00007f0f1741f250
0x00007f0faf9fa598:   0000558e6f870720 00007f0fa81da8b0
0x00007f0faf9fa5a8:   00007f0fa8014ee0 00007f0faf9fa640
0x00007f0faf9fa5b8:   b6c6a68e85701a00 00007f0faf9fa6e0
0x00007f0faf9fa5c8:   00007f0fb0795682 00007f0fa81bfc90
0x00007f0faf9fa5d8:   00007f0fa8004340 00007f0fa81d7d10
0x00007f0faf9fa5e8:   00007f0fa8014ee0 00007f0f1741f250
0x00007f0faf9fa5f8:   00007f0fa8014ee0 00007f0fa8014ee0
0x00007f0faf9fa608:   00007f0fa80154f0 00007f0fa8015fb0
0x00007f0faf9fa618:   00007f0fa8015fc8 00007f0fa8016098
0x00007f0faf9fa628:   00000000000000d8 00007f0faf9fa910
0x00007f0faf9fa638:   00007f0faf9fa690 00007f0f17490c18
0x00007f0faf9fa648:   00007f0fa80154b0 00007f0fa8015bc0
0x00007f0faf9fa658:   00007f0fa8015bd0 00007f0fa8015fa8
0x00007f0faf9fa668:   00000000000003d8 00007f0fa8014ee0
0x00007f0faf9fa678:   00007f0fa8014ee0 00007f0fa80154f0
0x00007f0faf9fa688:   00007f0fa8015fb0 00007f0fa8015fc8
0x00007f0faf9fa698:   00007f0fa8016098 00000000000000d8
0x00007f0faf9fa6a8:   00007f0faf9fa600 00007f0faf9fa7c0
0x00007f0faf9fa6b8:   00007f0f1741f250 00007f0fa8014ee0
0x00007f0faf9fa6c8:   00007f0f17b14948 00007f0faf9fa800
0x00007f0faf9fa6d8:   00007f0fa8014ee0 00007f0faf9fa790
0x00007f0faf9fa6e8:   00007f0fb057e560 00007f0faf9fa7a8 

Instructions: (pc=0x00007f0fb058b8d9)
0x00007f0fb058b7d9:   13 9c b9 ff 48 8b 45 b0 48 8b 4d b8 49 39 4d 18
0x00007f0fb058b7e9:   74 12 66 48 0f 6e c3 4d 89 75 20 0f 16 45 b8 41
0x00007f0fb058b7f9:   0f 11 45 10 48 83 c4 38 5b 41 5c 41 5d 41 5e 41
0x00007f0fb058b809:   5f 5d c3 0f 1f 40 00 85 f6 74 2c 80 fa 01 48 19
0x00007f0fb058b819:   c0 83 e0 08 49 8d 7c 04 10 48 8d 55 cc e8 45 f3
0x00007f0fb058b829:   60 00 48 83 c4 38 5b 41 5c 41 5d 41 5e 41 5f 5d
0x00007f0fb058b839:   c3 66 0f 1f 44 00 00 31 f6 31 ff eb dc 66 2e 0f
0x00007f0fb058b849:   1f 84 00 00 00 00 00 48 63 05 d5 ce af 00 c7 45
0x00007f0fb058b859:   c8 00 00 00 00 80 3c 18 00 75 dc 66 48 8d 3d 2c
0x00007f0fb058b869:   f7 aa 00 66 66 48 e8 fc 7c a1 ff 48 8b 00 4c 8b
0x00007f0fb058b879:   a8 38 02 00 00 49 8b 45 18 49 8b 5d 10 4d 8b 75
0x00007f0fb058b889:   20 4d 8b 7d 28 48 89 45 b8 e9 0e ff ff ff 66 0f
0x00007f0fb058b899:   1f 84 00 00 00 00 00 45 31 e4 e9 fd fe ff ff 0f
0x00007f0fb058b8a9:   1f 84 00 00 00 00 00 f3 0f 1e fa 48 89 f8 48 85
0x00007f0fb058b8b9:   f6 74 54 48 8d 15 4a aa af 00 80 3a 01 48 19 ff
0x00007f0fb058b8c9:   83 e7 08 48 83 c7 10 80 3a 01 48 19 d2 83 e2 04
0x00007f0fb058b8d9:   44 8b 44 16 0c 48 63 15 47 ce af 00 80 3c 10 00
0x00007f0fb058b8e9:   74 15 41 d1 f8 74 20 48 01 f7 44 89 c6 e9 f5 81
0x00007f0fb058b8f9:   6a 00 0f 1f 44 00 00 45 85 c0 74 0b 48 01 f7 44
0x00007f0fb058b909:   89 c6 e9 60 7f 6a 00 31 c0 c3 90 66 66 2e 0f 1f
0x00007f0fb058b919:   84 00 00 00 00 00 90 f3 0f 1e fa 55 48 89 e5 53
0x00007f0fb058b929:   48 89 fb 48 83 ec 08 48 63 35 01 ce af 00 ff 15
0x00007f0fb058b939:   8b 38 ab 00 48 85 c0 74 5e 48 8d 15 c4 a9 af 00
0x00007f0fb058b949:   80 3a 01 48 19 ff 83 e7 08 48 83 c7 10 80 3a 01
0x00007f0fb058b959:   48 19 d2 83 e2 04 8b 74 10 0c 48 63 15 c2 cd af
0x00007f0fb058b969:   00 80 3c 13 00 74 18 d1 fe 74 2c 48 8b 5d f8 48
0x00007f0fb058b979:   01 c7 c9 e9 6f 81 6a 00 0f 1f 80 00 00 00 00 85
0x00007f0fb058b989:   f6 74 14 48 8b 5d f8 48 01 c7 c9 e9 d7 7e 6a 00
0x00007f0fb058b999:   0f 1f 80 00 00 00 00 48 8b 5d f8 31 c0 c9 c3 0f
0x00007f0fb058b9a9:   1f 84 00 00 00 00 00 f3 0f 1e fa 55 48 89 e5 53
0x00007f0fb058b9b9:   48 89 fb 48 83 ec 18 48 63 35 71 cd af 00 ff 15
0x00007f0fb058b9c9:   fb 37 ab 00 48 85 c0 74 7e 48 8d 15 34 a9 af 00 


Stack slot to memory mapping:
stack at sp + 0 slots: 0x00007f0fb061b1cf: <offset 0x00000000008c91cf> in /usr/lib/jvm/java-17-openjdk-amd64/lib/server/libjvm.so at 0x00007f0fafd52000
stack at sp + 1 slots: 0x00007f0faf9fa5a0 is pointing into the stack for thread: 0x00007f0fa8014ee0
stack at sp + 2 slots: 0x00007f0faf9fa598 is pointing into the stack for thread: 0x00007f0fa8014ee0
stack at sp + 3 slots: 0x00007f0fa8014ee0 is a thread
stack at sp + 4 slots: 0x0 is NULL
stack at sp + 5 slots: 0x00007f0f00000000 points into unknown readable memory: 0x00007f0f00000020 | 20 00 00 00 0f 7f 00 00
stack at sp + 6 slots: 0x0 is NULL
stack at sp + 7 slots: 0x00007f0faf9fa590 is pointing into the stack for thread: 0x00007f0fa8014ee0


---------------  P R O C E S S  ---------------

Threads class SMR info:
_java_thread_list=0x00007f0fa81d8c00, length=10, elements={
0x00007f0fa8014ee0, 0x00007f0fa81c1f80, 0x00007f0fa81c3370, 0x00007f0fa81c88f0,
0x00007f0fa81c9cb0, 0x00007f0fa81cb0d0, 0x00007f0fa81cca90, 0x00007f0fa81cdfd0,
0x00007f0fa81cf450, 0x00007f0fa81d7d50
}

Java Threads: ( => current thread )
=>0x00007f0fa8014ee0 JavaThread "main" [_thread_in_vm, id=340629, stack(0x00007f0faf8fb000,0x00007f0faf9fc000)]
  0x00007f0fa81c1f80 JavaThread "Reference Handler" daemon [_thread_blocked, id=340636, stack(0x00007f0f16cac000,0x00007f0f16dad000)]
  0x00007f0fa81c3370 JavaThread "Finalizer" daemon [_thread_blocked, id=340637, stack(0x00007f0f16bab000,0x00007f0f16cac000)]
  0x00007f0fa81c88f0 JavaThread "Signal Dispatcher" daemon [_thread_blocked, id=340638, stack(0x00007f0f1653a000,0x00007f0f1663b000)]
  0x00007f0fa81c9cb0 JavaThread "Service Thread" daemon [_thread_blocked, id=340639, stack(0x00007f0f16439000,0x00007f0f1653a000)]
  0x00007f0fa81cb0d0 JavaThread "Monitor Deflation Thread" daemon [_thread_blocked, id=340640, stack(0x00007f0f16338000,0x00007f0f16439000)]
  0x00007f0fa81cca90 JavaThread "C2 CompilerThread0" daemon [_thread_blocked, id=340641, stack(0x00007f0f16237000,0x00007f0f16338000)]
  0x00007f0fa81cdfd0 JavaThread "C1 CompilerThread0" daemon [_thread_blocked, id=340642, stack(0x00007f0f16136000,0x00007f0f16237000)]
  0x00007f0fa81cf450 JavaThread "Sweeper thread" daemon [_thread_blocked, id=340643, stack(0x00007f0f16035000,0x00007f0f16136000)]
  0x00007f0fa81d7d50 JavaThread "Notification Thread" daemon [_thread_blocked, id=340644, stack(0x00007f0f11eff000,0x00007f0f12000000)]

Other Threads:
  0x00007f0fa81bdff0 VMThread "VM Thread" [stack: 0x00007f0f16dae000,0x00007f0f16eae000] [id=340635]
  0x00007f0fa81d9590 WatcherThread [stack: 0x00007f0f11dff000,0x00007f0f11eff000] [id=340645]
  0x00007f0fa8045060 GCTaskThread "GC Thread#0" [stack: 0x00007f0facd1b000,0x00007f0face1b000] [id=340630]
  0x00007f0fa80561b0 ConcurrentGCThread "G1 Main Marker" [stack: 0x00007f0facc1a000,0x00007f0facd1a000] [id=340631]
  0x00007f0fa8057120 ConcurrentGCThread "G1 Conc#0" [stack: 0x00007f0facb19000,0x00007f0facc19000] [id=340632]
  0x00007f0fa818b000 ConcurrentGCThread "G1 Refine#0" [stack: 0x00007f0fac210000,0x00007f0fac310000] [id=340633]
  0x00007f0fa818bf00 ConcurrentGCThread "G1 Service" [stack: 0x00007f0fac10f000,0x00007f0fac20f000] [id=340634]

Threads with active compile tasks:

VM state: not at safepoint (normal execution)

VM Mutex/Monitor currently owned by a thread: None

Heap address: 0x0000000413000000, size: 16080 MB, Compressed Oops mode: Zero based, Oop shift amount: 3

CDS archive(s) mapped at: [0x00007f0f17000000-0x00007f0f17bc7000-0x00007f0f17bc7000), size 12349440, SharedBaseAddress: 0x00007f0f17000000, ArchiveRelocationMode: 1.
Compressed class space mapped at: 0x00007f0f18000000-0x00007f0f58000000, reserved size: 1073741824
Narrow klass base: 0x00007f0f17000000, Narrow klass shift: 0, Narrow klass range: 0x100000000

GC Precious Log:
 CPUs: 8 total, 8 available
 Memory: 64300M
 Large Page Support: Disabled
 NUMA Support: Disabled
 Compressed Oops: Enabled (Zero based)
 Heap Region Size: 8M
 Heap Min Capacity: 8M
 Heap Initial Capacity: 1008M
 Heap Max Capacity: 16080M
 Pre-touch: Disabled
 Parallel Workers: 8
 Concurrent Workers: 2
 Concurrent Refinement Workers: 8
 Periodic GC: Disabled

Heap:
 garbage-first heap   total 1048576K, used 8112K [0x0000000413000000, 0x0000000800000000)
  region size 8192K, 1 young (8192K), 0 survivors (0K)
 Metaspace       used 48K, committed 128K, reserved 1114112K
  class space    used 1K, committed 64K, reserved 1048576K

Heap Regions: E=young(eden), S=young(survivor), O=old, HS=humongous(starts), HC=humongous(continues), CS=collection set, F=free, OA=open archive, CA=closed archive, TAMS=top-at-mark-start (previous, next)
|   0|0x0000000413000000, 0x0000000413000000, 0x0000000413800000|  0%| F|  |TAMS 0x0000000413000000, 0x0000000413000000| Untracked 
|   1|0x0000000413800000, 0x0000000413800000, 0x0000000414000000|  0%| F|  |TAMS 0x0000000413800000, 0x0000000413800000| Untracked 
|   2|0x0000000414000000, 0x0000000414000000, 0x0000000414800000|  0%| F|  |TAMS 0x0000000414000000, 0x0000000414000000| Untracked 
|   3|0x0000000414800000, 0x0000000414800000, 0x0000000415000000|  0%| F|  |TAMS 0x0000000414800000, 0x0000000414800000| Untracked 
|   4|0x0000000415000000, 0x0000000415000000, 0x0000000415800000|  0%| F|  |TAMS 0x0000000415000000, 0x0000000415000000| Untracked 
|   5|0x0000000415800000, 0x0000000415800000, 0x0000000416000000|  0%| F|  |TAMS 0x0000000415800000, 0x0000000415800000| Untracked 
|   6|0x0000000416000000, 0x0000000416000000, 0x0000000416800000|  0%| F|  |TAMS 0x0000000416000000, 0x0000000416000000| Untracked 
|   7|0x0000000416800000, 0x0000000416800000, 0x0000000417000000|  0%| F|  |TAMS 0x0000000416800000, 0x0000000416800000| Untracked 
|   8|0x0000000417000000, 0x0000000417000000, 0x0000000417800000|  0%| F|  |TAMS 0x0000000417000000, 0x0000000417000000| Untracked 
|   9|0x0000000417800000, 0x0000000417800000, 0x0000000418000000|  0%| F|  |TAMS 0x0000000417800000, 0x0000000417800000| Untracked 
|  10|0x0000000418000000, 0x0000000418000000, 0x0000000418800000|  0%| F|  |TAMS 0x0000000418000000, 0x0000000418000000| Untracked 
|  11|0x0000000418800000, 0x0000000418800000, 0x0000000419000000|  0%| F|  |TAMS 0x0000000418800000, 0x0000000418800000| Untracked 
|  12|0x0000000419000000, 0x0000000419000000, 0x0000000419800000|  0%| F|  |TAMS 0x0000000419000000, 0x0000000419000000| Untracked 
|  13|0x0000000419800000, 0x0000000419800000, 0x000000041a000000|  0%| F|  |TAMS 0x0000000419800000, 0x0000000419800000| Untracked 
|  14|0x000000041a000000, 0x000000041a000000, 0x000000041a800000|  0%| F|  |TAMS 0x000000041a000000, 0x000000041a000000| Untracked 
|  15|0x000000041a800000, 0x000000041a800000, 0x000000041b000000|  0%| F|  |TAMS 0x000000041a800000, 0x000000041a800000| Untracked 
|  16|0x000000041b000000, 0x000000041b000000, 0x000000041b800000|  0%| F|  |TAMS 0x000000041b000000, 0x000000041b000000| Untracked 
|  17|0x000000041b800000, 0x000000041b800000, 0x000000041c000000|  0%| F|  |TAMS 0x000000041b800000, 0x000000041b800000| Untracked 
|  18|0x000000041c000000, 0x000000041c000000, 0x000000041c800000|  0%| F|  |TAMS 0x000000041c000000, 0x000000041c000000| Untracked 
|  19|0x000000041c800000, 0x000000041c800000, 0x000000041d000000|  0%| F|  |TAMS 0x000000041c800000, 0x000000041c800000| Untracked 
|  20|0x000000041d000000, 0x000000041d000000, 0x000000041d800000|  0%| F|  |TAMS 0x000000041d000000, 0x000000041d000000| Untracked 
|  21|0x000000041d800000, 0x000000041d800000, 0x000000041e000000|  0%| F|  |TAMS 0x000000041d800000, 0x000000041d800000| Untracked 
|  22|0x000000041e000000, 0x000000041e000000, 0x000000041e800000|  0%| F|  |TAMS 0x000000041e000000, 0x000000041e000000| Untracked 
|  23|0x000000041e800000, 0x000000041e800000, 0x000000041f000000|  0%| F|  |TAMS 0x000000041e800000, 0x000000041e800000| Untracked 
|  24|0x000000041f000000, 0x000000041f000000, 0x000000041f800000|  0%| F|  |TAMS 0x000000041f000000, 0x000000041f000000| Untracked 
|  25|0x000000041f800000, 0x000000041f800000, 0x0000000420000000|  0%| F|  |TAMS 0x000000041f800000, 0x000000041f800000| Untracked 
|  26|0x0000000420000000, 0x0000000420000000, 0x0000000420800000|  0%| F|  |TAMS 0x0000000420000000, 0x0000000420000000| Untracked 
|  27|0x0000000420800000, 0x0000000420800000, 0x0000000421000000|  0%| F|  |TAMS 0x0000000420800000, 0x0000000420800000| Untracked 
|  28|0x0000000421000000, 0x0000000421000000, 0x0000000421800000|  0%| F|  |TAMS 0x0000000421000000, 0x0000000421000000| Untracked 
|  29|0x0000000421800000, 0x0000000421800000, 0x0000000422000000|  0%| F|  |TAMS 0x0000000421800000, 0x0000000421800000| Untracked 
|  30|0x0000000422000000, 0x0000000422000000, 0x0000000422800000|  0%| F|  |TAMS 0x0000000422000000, 0x0000000422000000| Untracked 
|  31|0x0000000422800000, 0x0000000422800000, 0x0000000423000000|  0%| F|  |TAMS 0x0000000422800000, 0x0000000422800000| Untracked 
|  32|0x0000000423000000, 0x0000000423000000, 0x0000000423800000|  0%| F|  |TAMS 0x0000000423000000, 0x0000000423000000| Untracked 
|  33|0x0000000423800000, 0x0000000423800000, 0x0000000424000000|  0%| F|  |TAMS 0x0000000423800000, 0x0000000423800000| Untracked 
|  34|0x0000000424000000, 0x0000000424000000, 0x0000000424800000|  0%| F|  |TAMS 0x0000000424000000, 0x0000000424000000| Untracked 
|  35|0x0000000424800000, 0x0000000424800000, 0x0000000425000000|  0%| F|  |TAMS 0x0000000424800000, 0x0000000424800000| Untracked 
|  36|0x0000000425000000, 0x0000000425000000, 0x0000000425800000|  0%| F|  |TAMS 0x0000000425000000, 0x0000000425000000| Untracked 
|  37|0x0000000425800000, 0x0000000425800000, 0x0000000426000000|  0%| F|  |TAMS 0x0000000425800000, 0x0000000425800000| Untracked 
|  38|0x0000000426000000, 0x0000000426000000, 0x0000000426800000|  0%| F|  |TAMS 0x0000000426000000, 0x0000000426000000| Untracked 
|  39|0x0000000426800000, 0x0000000426800000, 0x0000000427000000|  0%| F|  |TAMS 0x0000000426800000, 0x0000000426800000| Untracked 
|  40|0x0000000427000000, 0x0000000427000000, 0x0000000427800000|  0%| F|  |TAMS 0x0000000427000000, 0x0000000427000000| Untracked 
|  41|0x0000000427800000, 0x0000000427800000, 0x0000000428000000|  0%| F|  |TAMS 0x0000000427800000, 0x0000000427800000| Untracked 
|  42|0x0000000428000000, 0x0000000428000000, 0x0000000428800000|  0%| F|  |TAMS 0x0000000428000000, 0x0000000428000000| Untracked 
|  43|0x0000000428800000, 0x0000000428800000, 0x0000000429000000|  0%| F|  |TAMS 0x0000000428800000, 0x0000000428800000| Untracked 
|  44|0x0000000429000000, 0x0000000429000000, 0x0000000429800000|  0%| F|  |TAMS 0x0000000429000000, 0x0000000429000000| Untracked 
|  45|0x0000000429800000, 0x0000000429800000, 0x000000042a000000|  0%| F|  |TAMS 0x0000000429800000, 0x0000000429800000| Untracked 
|  46|0x000000042a000000, 0x000000042a000000, 0x000000042a800000|  0%| F|  |TAMS 0x000000042a000000, 0x000000042a000000| Untracked 
|  47|0x000000042a800000, 0x000000042a800000, 0x000000042b000000|  0%| F|  |TAMS 0x000000042a800000, 0x000000042a800000| Untracked 
|  48|0x000000042b000000, 0x000000042b000000, 0x000000042b800000|  0%| F|  |TAMS 0x000000042b000000, 0x000000042b000000| Untracked 
|  49|0x000000042b800000, 0x000000042b800000, 0x000000042c000000|  0%| F|  |TAMS 0x000000042b800000, 0x000000042b800000| Untracked 
|  50|0x000000042c000000, 0x000000042c000000, 0x000000042c800000|  0%| F|  |TAMS 0x000000042c000000, 0x000000042c000000| Untracked 
|  51|0x000000042c800000, 0x000000042c800000, 0x000000042d000000|  0%| F|  |TAMS 0x000000042c800000, 0x000000042c800000| Untracked 
|  52|0x000000042d000000, 0x000000042d000000, 0x000000042d800000|  0%| F|  |TAMS 0x000000042d000000, 0x000000042d000000| Untracked 
|  53|0x000000042d800000, 0x000000042d800000, 0x000000042e000000|  0%| F|  |TAMS 0x000000042d800000, 0x000000042d800000| Untracked 
|  54|0x000000042e000000, 0x000000042e000000, 0x000000042e800000|  0%| F|  |TAMS 0x000000042e000000, 0x000000042e000000| Untracked 
|  55|0x000000042e800000, 0x000000042e800000, 0x000000042f000000|  0%| F|  |TAMS 0x000000042e800000, 0x000000042e800000| Untracked 
|  56|0x000000042f000000, 0x000000042f000000, 0x000000042f800000|  0%| F|  |TAMS 0x000000042f000000, 0x000000042f000000| Untracked 
|  57|0x000000042f800000, 0x000000042f800000, 0x0000000430000000|  0%| F|  |TAMS 0x000000042f800000, 0x000000042f800000| Untracked 
|  58|0x0000000430000000, 0x0000000430000000, 0x0000000430800000|  0%| F|  |TAMS 0x0000000430000000, 0x0000000430000000| Untracked 
|  59|0x0000000430800000, 0x0000000430800000, 0x0000000431000000|  0%| F|  |TAMS 0x0000000430800000, 0x0000000430800000| Untracked 
|  60|0x0000000431000000, 0x0000000431000000, 0x0000000431800000|  0%| F|  |TAMS 0x0000000431000000, 0x0000000431000000| Untracked 
|  61|0x0000000431800000, 0x0000000431800000, 0x0000000432000000|  0%| F|  |TAMS 0x0000000431800000, 0x0000000431800000| Untracked 
|  62|0x0000000432000000, 0x0000000432000000, 0x0000000432800000|  0%| F|  |TAMS 0x0000000432000000, 0x0000000432000000| Untracked 
|  63|0x0000000432800000, 0x0000000432800000, 0x0000000433000000|  0%| F|  |TAMS 0x0000000432800000, 0x0000000432800000| Untracked 
|  64|0x0000000433000000, 0x0000000433000000, 0x0000000433800000|  0%| F|  |TAMS 0x0000000433000000, 0x0000000433000000| Untracked 
|  65|0x0000000433800000, 0x0000000433800000, 0x0000000434000000|  0%| F|  |TAMS 0x0000000433800000, 0x0000000433800000| Untracked 
|  66|0x0000000434000000, 0x0000000434000000, 0x0000000434800000|  0%| F|  |TAMS 0x0000000434000000, 0x0000000434000000| Untracked 
|  67|0x0000000434800000, 0x0000000434800000, 0x0000000435000000|  0%| F|  |TAMS 0x0000000434800000, 0x0000000434800000| Untracked 
|  68|0x0000000435000000, 0x0000000435000000, 0x0000000435800000|  0%| F|  |TAMS 0x0000000435000000, 0x0000000435000000| Untracked 
|  69|0x0000000435800000, 0x0000000435800000, 0x0000000436000000|  0%| F|  |TAMS 0x0000000435800000, 0x0000000435800000| Untracked 
|  70|0x0000000436000000, 0x0000000436000000, 0x0000000436800000|  0%| F|  |TAMS 0x0000000436000000, 0x0000000436000000| Untracked 
|  71|0x0000000436800000, 0x0000000436800000, 0x0000000437000000|  0%| F|  |TAMS 0x0000000436800000, 0x0000000436800000| Untracked 
|  72|0x0000000437000000, 0x0000000437000000, 0x0000000437800000|  0%| F|  |TAMS 0x0000000437000000, 0x0000000437000000| Untracked 
|  73|0x0000000437800000, 0x0000000437800000, 0x0000000438000000|  0%| F|  |TAMS 0x0000000437800000, 0x0000000437800000| Untracked 
|  74|0x0000000438000000, 0x0000000438000000, 0x0000000438800000|  0%| F|  |TAMS 0x0000000438000000, 0x0000000438000000| Untracked 
|  75|0x0000000438800000, 0x0000000438800000, 0x0000000439000000|  0%| F|  |TAMS 0x0000000438800000, 0x0000000438800000| Untracked 
|  76|0x0000000439000000, 0x0000000439000000, 0x0000000439800000|  0%| F|  |TAMS 0x0000000439000000, 0x0000000439000000| Untracked 
|  77|0x0000000439800000, 0x0000000439800000, 0x000000043a000000|  0%| F|  |TAMS 0x0000000439800000, 0x0000000439800000| Untracked 
|  78|0x000000043a000000, 0x000000043a000000, 0x000000043a800000|  0%| F|  |TAMS 0x000000043a000000, 0x000000043a000000| Untracked 
|  79|0x000000043a800000, 0x000000043a800000, 0x000000043b000000|  0%| F|  |TAMS 0x000000043a800000, 0x000000043a800000| Untracked 
|  80|0x000000043b000000, 0x000000043b000000, 0x000000043b800000|  0%| F|  |TAMS 0x000000043b000000, 0x000000043b000000| Untracked 
|  81|0x000000043b800000, 0x000000043b800000, 0x000000043c000000|  0%| F|  |TAMS 0x000000043b800000, 0x000000043b800000| Untracked 
|  82|0x000000043c000000, 0x000000043c000000, 0x000000043c800000|  0%| F|  |TAMS 0x000000043c000000, 0x000000043c000000| Untracked 
|  83|0x000000043c800000, 0x000000043c800000, 0x000000043d000000|  0%| F|  |TAMS 0x000000043c800000, 0x000000043c800000| Untracked 
|  84|0x000000043d000000, 0x000000043d000000, 0x000000043d800000|  0%| F|  |TAMS 0x000000043d000000, 0x000000043d000000| Untracked 
|  85|0x000000043d800000, 0x000000043d800000, 0x000000043e000000|  0%| F|  |TAMS 0x000000043d800000, 0x000000043d800000| Untracked 
|  86|0x000000043e000000, 0x000000043e000000, 0x000000043e800000|  0%| F|  |TAMS 0x000000043e000000, 0x000000043e000000| Untracked 
|  87|0x000000043e800000, 0x000000043e800000, 0x000000043f000000|  0%| F|  |TAMS 0x000000043e800000, 0x000000043e800000| Untracked 
|  88|0x000000043f000000, 0x000000043f000000, 0x000000043f800000|  0%| F|  |TAMS 0x000000043f000000, 0x000000043f000000| Untracked 
|  89|0x000000043f800000, 0x000000043f800000, 0x0000000440000000|  0%| F|  |TAMS 0x000000043f800000, 0x000000043f800000| Untracked 
|  90|0x0000000440000000, 0x0000000440000000, 0x0000000440800000|  0%| F|  |TAMS 0x0000000440000000, 0x0000000440000000| Untracked 
|  91|0x0000000440800000, 0x0000000440800000, 0x0000000441000000|  0%| F|  |TAMS 0x0000000440800000, 0x0000000440800000| Untracked 
|  92|0x0000000441000000, 0x0000000441000000, 0x0000000441800000|  0%| F|  |TAMS 0x0000000441000000, 0x0000000441000000| Untracked 
|  93|0x0000000441800000, 0x0000000441800000, 0x0000000442000000|  0%| F|  |TAMS 0x0000000441800000, 0x0000000441800000| Untracked 
|  94|0x0000000442000000, 0x0000000442000000, 0x0000000442800000|  0%| F|  |TAMS 0x0000000442000000, 0x0000000442000000| Untracked 
|  95|0x0000000442800000, 0x0000000442800000, 0x0000000443000000|  0%| F|  |TAMS 0x0000000442800000, 0x0000000442800000| Untracked 
|  96|0x0000000443000000, 0x0000000443000000, 0x0000000443800000|  0%| F|  |TAMS 0x0000000443000000, 0x0000000443000000| Untracked 
|  97|0x0000000443800000, 0x0000000443800000, 0x0000000444000000|  0%| F|  |TAMS 0x0000000443800000, 0x0000000443800000| Untracked 
|  98|0x0000000444000000, 0x0000000444000000, 0x0000000444800000|  0%| F|  |TAMS 0x0000000444000000, 0x0000000444000000| Untracked 
|  99|0x0000000444800000, 0x0000000444800000, 0x0000000445000000|  0%| F|  |TAMS 0x0000000444800000, 0x0000000444800000| Untracked 
| 100|0x0000000445000000, 0x0000000445000000, 0x0000000445800000|  0%| F|  |TAMS 0x0000000445000000, 0x0000000445000000| Untracked 
| 101|0x0000000445800000, 0x0000000445800000, 0x0000000446000000|  0%| F|  |TAMS 0x0000000445800000, 0x0000000445800000| Untracked 
| 102|0x0000000446000000, 0x0000000446000000, 0x0000000446800000|  0%| F|  |TAMS 0x0000000446000000, 0x0000000446000000| Untracked 
| 103|0x0000000446800000, 0x0000000446800000, 0x0000000447000000|  0%| F|  |TAMS 0x0000000446800000, 0x0000000446800000| Untracked 
| 104|0x0000000447000000, 0x0000000447000000, 0x0000000447800000|  0%| F|  |TAMS 0x0000000447000000, 0x0000000447000000| Untracked 
| 105|0x0000000447800000, 0x0000000447800000, 0x0000000448000000|  0%| F|  |TAMS 0x0000000447800000, 0x0000000447800000| Untracked 
| 106|0x0000000448000000, 0x0000000448000000, 0x0000000448800000|  0%| F|  |TAMS 0x0000000448000000, 0x0000000448000000| Untracked 
| 107|0x0000000448800000, 0x0000000448800000, 0x0000000449000000|  0%| F|  |TAMS 0x0000000448800000, 0x0000000448800000| Untracked 
| 108|0x0000000449000000, 0x0000000449000000, 0x0000000449800000|  0%| F|  |TAMS 0x0000000449000000, 0x0000000449000000| Untracked 
| 109|0x0000000449800000, 0x0000000449800000, 0x000000044a000000|  0%| F|  |TAMS 0x0000000449800000, 0x0000000449800000| Untracked 
| 110|0x000000044a000000, 0x000000044a000000, 0x000000044a800000|  0%| F|  |TAMS 0x000000044a000000, 0x000000044a000000| Untracked 
| 111|0x000000044a800000, 0x000000044a800000, 0x000000044b000000|  0%| F|  |TAMS 0x000000044a800000, 0x000000044a800000| Untracked 
| 112|0x000000044b000000, 0x000000044b000000, 0x000000044b800000|  0%| F|  |TAMS 0x000000044b000000, 0x000000044b000000| Untracked 
| 113|0x000000044b800000, 0x000000044b800000, 0x000000044c000000|  0%| F|  |TAMS 0x000000044b800000, 0x000000044b800000| Untracked 
| 114|0x000000044c000000, 0x000000044c000000, 0x000000044c800000|  0%| F|  |TAMS 0x000000044c000000, 0x000000044c000000| Untracked 
| 115|0x000000044c800000, 0x000000044c800000, 0x000000044d000000|  0%| F|  |TAMS 0x000000044c800000, 0x000000044c800000| Untracked 
| 116|0x000000044d000000, 0x000000044d000000, 0x000000044d800000|  0%| F|  |TAMS 0x000000044d000000, 0x000000044d000000| Untracked 
| 117|0x000000044d800000, 0x000000044d800000, 0x000000044e000000|  0%| F|  |TAMS 0x000000044d800000, 0x000000044d800000| Untracked 
| 118|0x000000044e000000, 0x000000044e000000, 0x000000044e800000|  0%| F|  |TAMS 0x000000044e000000, 0x000000044e000000| Untracked 
| 119|0x000000044e800000, 0x000000044e800000, 0x000000044f000000|  0%| F|  |TAMS 0x000000044e800000, 0x000000044e800000| Untracked 
| 120|0x000000044f000000, 0x000000044f000000, 0x000000044f800000|  0%| F|  |TAMS 0x000000044f000000, 0x000000044f000000| Untracked 
| 121|0x000000044f800000, 0x000000044f800000, 0x0000000450000000|  0%| F|  |TAMS 0x000000044f800000, 0x000000044f800000| Untracked 
| 122|0x0000000450000000, 0x0000000450000000, 0x0000000450800000|  0%| F|  |TAMS 0x0000000450000000, 0x0000000450000000| Untracked 
| 123|0x0000000450800000, 0x0000000450800000, 0x0000000451000000|  0%| F|  |TAMS 0x0000000450800000, 0x0000000450800000| Untracked 
| 124|0x0000000451000000, 0x0000000451000000, 0x0000000451800000|  0%| F|  |TAMS 0x0000000451000000, 0x0000000451000000| Untracked 
| 125|0x0000000451800000, 0x00000004519eb870, 0x0000000452000000| 24%| E|  |TAMS 0x0000000451800000, 0x0000000451800000| Complete 
|2008|0x00000007ff000000, 0x00000007ff775000, 0x00000007ff800000| 93%|OA|  |TAMS 0x00000007ff000000, 0x00000007ff000000| Untracked 
|2009|0x00000007ff800000, 0x00000007ff877000, 0x0000000800000000|  5%|CA|  |TAMS 0x00000007ff800000, 0x00000007ff800000| Untracked 

Card table byte_map: [0x00007f0f8f629000,0x00007f0f91591000] _byte_map_base: 0x00007f0f8d591000

Marking Bits (Prev, Next): (CMBitMap*) 0x00007f0fa8045af0, (CMBitMap*) 0x00007f0fa8045b30
 Prev Bits: [0x00007f0f7db81000, 0x00007f0f8d6c1000)
 Next Bits: [0x00007f0f6e041000, 0x00007f0f7db81000)

Polling page: 0x00007f0fb131c000

Metaspace:

Usage:
  Non-class:     47.26 KB used.
      Class:      1.59 KB used.
       Both:     48.84 KB used.

Virtual space:
  Non-class space:       64.00 MB reserved,      64.00 KB ( <1%) committed,  1 nodes.
      Class space:        1.00 GB reserved,      64.00 KB ( <1%) committed,  1 nodes.
             Both:        1.06 GB reserved,     128.00 KB ( <1%) committed. 

Chunk freelists:
   Non-Class:  12.00 MB
       Class:  15.75 MB
        Both:  27.75 MB

MaxMetaspaceSize: unlimited
CompressedClassSpaceSize: 1.00 GB
Initial GC threshold: 21.00 MB
Current GC threshold: 21.00 MB
CDS: on
MetaspaceReclaimPolicy: balanced
 - commit_granule_bytes: 65536.
 - commit_granule_words: 8192.
 - virtual_space_node_default_size: 8388608.
 - enlarge_chunks_in_place: 1.
 - new_chunks_are_fully_committed: 0.
 - uncommit_free_chunks: 1.
 - use_allocation_guard: 0.
 - handle_deallocations: 1.


Internal statistics:

num_allocs_failed_limit: 0.
num_arena_births: 2.
num_arena_deaths: 0.
num_vsnodes_births: 2.
num_vsnodes_deaths: 0.
num_space_committed: 2.
num_space_uncommitted: 0.
num_chunks_returned_to_freelist: 0.
num_chunks_taken_from_freelist: 3.
num_chunk_merges: 0.
num_chunk_splits: 2.
num_chunks_enlarged: 0.
num_inconsistent_stats: 0.

CodeHeap 'non-profiled nmethods': size=120028Kb used=0Kb max_used=0Kb free=120028Kb
 bounds [0x00007f0f9905a000, 0x00007f0f992ca000, 0x00007f0fa0591000]
CodeHeap 'profiled nmethods': size=120028Kb used=0Kb max_used=0Kb free=120027Kb
 bounds [0x00007f0f91591000, 0x00007f0f91801000, 0x00007f0f98ac8000]
CodeHeap 'non-nmethods': size=5704Kb used=1033Kb max_used=1045Kb free=4670Kb
 bounds [0x00007f0f98ac8000, 0x00007f0f98d38000, 0x00007f0f9905a000]
 total_blobs=280 nmethods=1 adapters=194
 compilation: enabled
              stopped_count=0, restarted_count=0
 full_count=0

Compilation events (2 events):
Event: 0.035 Thread 0x00007f0fa81cdfd0    1       3       java.lang.Object::<init> (1 bytes)
Event: 0.042 Thread 0x00007f0fa81cdfd0 nmethod 1 0x00007f0f91591010 code [0x00007f0f915911a0, 0x00007f0f915912b0]

GC Heap History (0 events):
No events

Dll operation events (2 events):
Event: 0.004 Loaded shared library /usr/lib/jvm/java-17-openjdk-amd64/lib/libjava.so
Event: 0.029 Loaded shared library /usr/lib/jvm/java-17-openjdk-amd64/lib/libjsvml.so

Deoptimization events (0 events):
No events

Classes unloaded (0 events):
No events

Classes redefined (0 events):
No events

Internal exceptions (0 events):
No events

VM Operations (0 events):
No events

Events (20 events):
Event: 0.031 Thread 0x00007f0fa81c3370 Thread added: 0x00007f0fa81c3370
Event: 0.031 Protecting memory [0x00007f0f16bab000,0x00007f0f16baf000] with protection modes 0
Event: 0.032 loading class sun/nio/cs/UTF_8$Encoder
Event: 0.032 loading class sun/nio/cs/UTF_8$Encoder done
Event: 0.033 Thread 0x00007f0fa81c88f0 Thread added: 0x00007f0fa81c88f0
Event: 0.033 Protecting memory [0x00007f0f1653a000,0x00007f0f1653e000] with protection modes 0
Event: 0.033 Thread 0x00007f0fa81c9cb0 Thread added: 0x00007f0fa81c9cb0
Event: 0.033 Protecting memory [0x00007f0f16439000,0x00007f0f1643d000] with protection modes 0
Event: 0.033 Thread 0x00007f0fa81cb0d0 Thread added: 0x00007f0fa81cb0d0
Event: 0.033 Protecting memory [0x00007f0f16338000,0x00007f0f1633c000] with protection modes 0
Event: 0.033 Thread 0x00007f0fa81cca90 Thread added: 0x00007f0fa81cca90
Event: 0.033 Protecting memory [0x00007f0f16237000,0x00007f0f1623b000] with protection modes 0
Event: 0.033 Thread 0x00007f0fa81cdfd0 Thread added: 0x00007f0fa81cdfd0
Event: 0.033 Protecting memory [0x00007f0f16136000,0x00007f0f1613a000] with protection modes 0
Event: 0.033 Thread 0x00007f0fa81cf450 Thread added: 0x00007f0fa81cf450
Event: 0.033 Protecting memory [0x00007f0f16035000,0x00007f0f16039000] with protection modes 0
Event: 0.042 Thread 0x00007f0fa81d7d50 Thread added: 0x00007f0fa81d7d50
Event: 0.042 loading class jdk/internal/vm/PostVMInitHook
Event: 0.042 loading class jdk/internal/vm/PostVMInitHook done
Event: 0.042 Protecting memory [0x00007f0f11eff000,0x00007f0f11f03000] with protection modes 0


Dynamic libraries:
413000000-452000000 rw-p 00000000 00:00 0 
452000000-7ff000000 ---p 00000000 00:00 0 
7ff000000-7ff700000 rw-p 00000000 00:00 0 
7ff700000-7ff775000 rw-p 00c76000 08:05 40899518                         /usr/lib/jvm/java-17-openjdk-amd64/lib/server/classes.jsa
7ff775000-7ff800000 rw-p 00000000 00:00 0 
7ff800000-7ff877000 rw-p 00bff000 08:05 40899518                         /usr/lib/jvm/java-17-openjdk-amd64/lib/server/classes.jsa
7ff877000-800000000 rw-p 00000000 00:00 0 
558e6ea13000-558e6ea14000 r--p 00000000 08:05 40899046                   /usr/lib/jvm/java-17-openjdk-amd64/bin/java
558e6ea14000-558e6ea15000 r-xp 00001000 08:05 40899046                   /usr/lib/jvm/java-17-openjdk-amd64/bin/java
558e6ea15000-558e6ea16000 r--p 00002000 08:05 40899046                   /usr/lib/jvm/java-17-openjdk-amd64/bin/java
558e6ea16000-558e6ea17000 r--p 00002000 08:05 40899046                   /usr/lib/jvm/java-17-openjdk-amd64/bin/java
558e6ea17000-558e6ea18000 rw-p 00003000 08:05 40899046                   /usr/lib/jvm/java-17-openjdk-amd64/bin/java
558e6f86f000-558e6f8b5000 rw-p 00000000 00:00 0                          [heap]
7f0ee4000000-7f0ee4021000 rw-p 00000000 00:00 0 
7f0ee4021000-7f0ee8000000 ---p 00000000 00:00 0 
7f0ee8000000-7f0ee8021000 rw-p 00000000 00:00 0 
7f0ee8021000-7f0eec000000 ---p 00000000 00:00 0 
7f0eec000000-7f0eec02d000 rw-p 00000000 00:00 0 
7f0eec02d000-7f0ef0000000 ---p 00000000 00:00 0 
7f0ef0000000-7f0ef0021000 rw-p 00000000 00:00 0 
7f0ef0021000-7f0ef4000000 ---p 00000000 00:00 0 
7f0ef4000000-7f0ef4021000 rw-p 00000000 00:00 0 
7f0ef4021000-7f0ef8000000 ---p 00000000 00:00 0 
7f0ef8000000-7f0ef804e000 rw-p 00000000 00:00 0 
7f0ef804e000-7f0efc000000 ---p 00000000 00:00 0 
7f0efc000000-7f0efc021000 rw-p 00000000 00:00 0 
7f0efc021000-7f0f00000000 ---p 00000000 00:00 0 
7f0f00000000-7f0f00021000 rw-p 00000000 00:00 0 
7f0f00021000-7f0f04000000 ---p 00000000 00:00 0 
7f0f04000000-7f0f04021000 rw-p 00000000 00:00 0 
7f0f04021000-7f0f08000000 ---p 00000000 00:00 0 
7f0f08000000-7f0f08021000 rw-p 00000000 00:00 0 
7f0f08021000-7f0f0c000000 ---p 00000000 00:00 0 
7f0f0c000000-7f0f0c021000 rw-p 00000000 00:00 0 
7f0f0c021000-7f0f10000000 ---p 00000000 00:00 0 
7f0f11a1d000-7f0f11dfe000 rw-p 00000000 00:00 0 
7f0f11dfe000-7f0f11dff000 ---p 00000000 00:00 0 
7f0f11dff000-7f0f11eff000 rw-p 00000000 00:00 0 
7f0f11eff000-7f0f11f03000 ---p 00000000 00:00 0 
7f0f11f03000-7f0f12010000 rw-p 00000000 00:00 0 
7f0f12010000-7f0f16000000 ---p 00000000 00:00 0 
7f0f16035000-7f0f16039000 ---p 00000000 00:00 0 
7f0f16039000-7f0f16136000 rw-p 00000000 00:00 0 
7f0f16136000-7f0f1613a000 ---p 00000000 00:00 0 
7f0f1613a000-7f0f16237000 rw-p 00000000 00:00 0 
7f0f16237000-7f0f1623b000 ---p 00000000 00:00 0 
7f0f1623b000-7f0f16338000 rw-p 00000000 00:00 0 
7f0f16338000-7f0f1633c000 ---p 00000000 00:00 0 
7f0f1633c000-7f0f16439000 rw-p 00000000 00:00 0 
7f0f16439000-7f0f1643d000 ---p 00000000 00:00 0 
7f0f1643d000-7f0f1653a000 rw-p 00000000 00:00 0 
7f0f1653a000-7f0f1653e000 ---p 00000000 00:00 0 
7f0f1653e000-7f0f1663b000 rw-p 00000000 00:00 0 
7f0f1663b000-7f0f16bab000 r--p 00000000 08:05 40896806                   /usr/lib/locale/locale-archive
7f0f16bab000-7f0f16baf000 ---p 00000000 00:00 0 
7f0f16baf000-7f0f16cac000 rw-p 00000000 00:00 0 
7f0f16cac000-7f0f16cb0000 ---p 00000000 00:00 0 
7f0f16cb0000-7f0f16dad000 rw-p 00000000 00:00 0 
7f0f16dad000-7f0f16dae000 ---p 00000000 00:00 0 
7f0f16dae000-7f0f16eae000 rw-p 00000000 00:00 0 
7f0f16eae000-7f0f16eb3000 r--p 00000000 08:05 40899502                   /usr/lib/jvm/java-17-openjdk-amd64/lib/libjsvml.so
7f0f16eb3000-7f0f16ef4000 r-xp 00005000 08:05 40899502                   /usr/lib/jvm/java-17-openjdk-amd64/lib/libjsvml.so
7f0f16ef4000-7f0f16f7d000 r--p 00046000 08:05 40899502                   /usr/lib/jvm/java-17-openjdk-amd64/lib/libjsvml.so
7f0f16f7d000-7f0f16f7e000 r--p 000ce000 08:05 40899502                   /usr/lib/jvm/java-17-openjdk-amd64/lib/libjsvml.so
7f0f16f7e000-7f0f16f7f000 rw-p 000cf000 08:05 40899502                   /usr/lib/jvm/java-17-openjdk-amd64/lib/libjsvml.so
7f0f16f7f000-7f0f17000000 rw-p 00000000 00:00 0 
7f0f17000000-7f0f17bc7000 rw-p 00001000 08:05 40899518                   /usr/lib/jvm/java-17-openjdk-amd64/lib/server/classes.jsa
7f0f17bc7000-7f0f18040000 ---p 00000000 00:00 0 
7f0f18040000-7f0f18050000 rw-p 00000000 00:00 0 
7f0f18050000-7f0f58000000 ---p 00000000 00:00 0 
7f0f58000000-7f0f58021000 rw-p 00000000 00:00 0 
7f0f58021000-7f0f5c000000 ---p 00000000 00:00 0 
7f0f5c000000-7f0f5c021000 rw-p 00000000 00:00 0 
7f0f5c021000-7f0f60000000 ---p 00000000 00:00 0 
7f0f60000000-7f0f60021000 rw-p 00000000 00:00 0 
7f0f60021000-7f0f64000000 ---p 00000000 00:00 0 
7f0f64000000-7f0f64021000 rw-p 00000000 00:00 0 
7f0f64021000-7f0f68000000 ---p 00000000 00:00 0 
7f0f68000000-7f0f68021000 rw-p 00000000 00:00 0 
7f0f68021000-7f0f6c000000 ---p 00000000 00:00 0 
7f0f6c041000-7f0f6f001000 rw-p 00000000 00:00 0 
7f0f6f001000-7f0f7db41000 ---p 00000000 00:00 0 
7f0f7db41000-7f0f7eb41000 rw-p 00000000 00:00 0 
7f0f7eb41000-7f0f8d681000 ---p 00000000 00:00 0 
7f0f8d681000-7f0f8d8b9000 rw-p 00000000 00:00 0 
7f0f8d8b9000-7f0f8f621000 ---p 00000000 00:00 0 
7f0f8f621000-7f0f8f821000 rw-p 00000000 00:00 0 
7f0f8f821000-7f0f91589000 ---p 00000000 00:00 0 
7f0f91589000-7f0f91591000 rw-p 00000000 00:00 0 
7f0f91591000-7f0f91801000 rwxp 00000000 00:00 0 
7f0f91801000-7f0f98ac8000 ---p 00000000 00:00 0 
7f0f98ac8000-7f0f98d38000 rwxp 00000000 00:00 0 
7f0f98d38000-7f0f9905a000 ---p 00000000 00:00 0 
7f0f9905a000-7f0f992ca000 rwxp 00000000 00:00 0 
7f0f992ca000-7f0fa0591000 ---p 00000000 00:00 0 
7f0fa0591000-7f0fa8000000 r--s 00000000 08:05 40899517                   /usr/lib/jvm/java-17-openjdk-amd64/lib/modules
7f0fa8000000-7f0fa81e6000 rw-p 00000000 00:00 0 
7f0fa81e6000-7f0fac000000 ---p 00000000 00:00 0 
7f0fac03b000-7f0fac0d7000 rw-p 00000000 00:00 0 
7f0fac10e000-7f0fac10f000 ---p 00000000 00:00 0 
7f0fac10f000-7f0fac20f000 rw-p 00000000 00:00 0 
7f0fac20f000-7f0fac210000 ---p 00000000 00:00 0 
7f0fac210000-7f0facb18000 rw-p 00000000 00:00 0 
7f0facb18000-7f0facb19000 ---p 00000000 00:00 0 
7f0facb19000-7f0facc19000 rw-p 00000000 00:00 0 
7f0facc19000-7f0facc1a000 ---p 00000000 00:00 0 
7f0facc1a000-7f0facd1a000 rw-p 00000000 00:00 0 
7f0facd1a000-7f0facd1b000 ---p 00000000 00:00 0 
7f0facd1b000-7f0fad0d4000 rw-p 00000000 00:00 0 
7f0fad0d4000-7f0faee3c000 ---p 00000000 00:00 0 
7f0faee3c000-7f0faf6cf000 rw-p 00000000 00:00 0 
7f0faf6cf000-7f0faf7b5000 ---p 00000000 00:00 0 
7f0faf7b5000-7f0faf7ba000 rw-p 00000000 00:00 0 
7f0faf7ba000-7f0faf8a0000 ---p 00000000 00:00 0 
7f0faf8a0000-7f0faf8a5000 rw-p 00000000 00:00 0 
7f0faf8a5000-7f0faf8ac000 ---p 00000000 00:00 0 
7f0faf8ac000-7f0faf8b8000 r--p 00000000 08:05 40899495                   /usr/lib/jvm/java-17-openjdk-amd64/lib/libjava.so
7f0faf8b8000-7f0faf8cb000 r-xp 0000c000 08:05 40899495                   /usr/lib/jvm/java-17-openjdk-amd64/lib/libjava.so
7f0faf8cb000-7f0faf8d1000 r--p 0001f000 08:05 40899495                   /usr/lib/jvm/java-17-openjdk-amd64/lib/libjava.so
7f0faf8d1000-7f0faf8d2000 ---p 00025000 08:05 40899495                   /usr/lib/jvm/java-17-openjdk-amd64/lib/libjava.so
7f0faf8d2000-7f0faf8d3000 r--p 00025000 08:05 40899495                   /usr/lib/jvm/java-17-openjdk-amd64/lib/libjava.so
7f0faf8d3000-7f0faf8d4000 rw-p 00026000 08:05 40899495                   /usr/lib/jvm/java-17-openjdk-amd64/lib/libjava.so
7f0faf8d4000-7f0faf8d5000 rw-p 00000000 00:00 0 
7f0faf8d5000-7f0faf8d8000 r--p 00000000 08:05 40896665                   /usr/lib/x86_64-linux-gnu/libnss_files-2.31.so
7f0faf8d8000-7f0faf8df000 r-xp 00003000 08:05 40896665                   /usr/lib/x86_64-linux-gnu/libnss_files-2.31.so
7f0faf8df000-7f0faf8e1000 r--p 0000a000 08:05 40896665                   /usr/lib/x86_64-linux-gnu/libnss_files-2.31.so
7f0faf8e1000-7f0faf8e2000 r--p 0000b000 08:05 40896665                   /usr/lib/x86_64-linux-gnu/libnss_files-2.31.so
7f0faf8e2000-7f0faf8e3000 rw-p 0000c000 08:05 40896665                   /usr/lib/x86_64-linux-gnu/libnss_files-2.31.so
7f0faf8e3000-7f0faf8e9000 rw-p 00000000 00:00 0 
7f0faf8ec000-7f0faf8f3000 r--s 00000000 08:05 41553097                   /usr/lib/x86_64-linux-gnu/gconv/gconv-modules.cache
7f0faf8f3000-7f0faf8fb000 rw-s 00000000 08:05 28835985                   /tmp/hsperfdata_david/340628
7f0faf8fb000-7f0faf8ff000 ---p 00000000 00:00 0 
7f0faf8ff000-7f0faf9fc000 rw-p 00000000 00:00 0 
7f0faf9fc000-7f0faf9ff000 r--p 00000000 08:05 40895435                   /usr/lib/x86_64-linux-gnu/libgcc_s.so.1
7f0faf9ff000-7f0fafa11000 r-xp 00003000 08:05 40895435                   /usr/lib/x86_64-linux-gnu/libgcc_s.so.1
7f0fafa11000-7f0fafa15000 r--p 00015000 08:05 40895435                   /usr/lib/x86_64-linux-gnu/libgcc_s.so.1
7f0fafa15000-7f0fafa16000 r--p 00018000 08:05 40895435                   /usr/lib/x86_64-linux-gnu/libgcc_s.so.1
7f0fafa16000-7f0fafa17000 rw-p 00019000 08:05 40895435                   /usr/lib/x86_64-linux-gnu/libgcc_s.so.1
7f0fafa17000-7f0fafa24000 r--p 00000000 08:05 40896647                   /usr/lib/x86_64-linux-gnu/libm-2.31.so
7f0fafa24000-7f0fafacb000 r-xp 0000d000 08:05 40896647                   /usr/lib/x86_64-linux-gnu/libm-2.31.so
7f0fafacb000-7f0fafb64000 r--p 000b4000 08:05 40896647                   /usr/lib/x86_64-linux-gnu/libm-2.31.so
7f0fafb64000-7f0fafb65000 r--p 0014c000 08:05 40896647                   /usr/lib/x86_64-linux-gnu/libm-2.31.so
7f0fafb65000-7f0fafb66000 rw-p 0014d000 08:05 40896647                   /usr/lib/x86_64-linux-gnu/libm-2.31.so
7f0fafb66000-7f0fafbfc000 r--p 00000000 08:05 40896553                   /usr/lib/x86_64-linux-gnu/libstdc++.so.6.0.28
7f0fafbfc000-7f0fafced000 r-xp 00096000 08:05 40896553                   /usr/lib/x86_64-linux-gnu/libstdc++.so.6.0.28
7f0fafced000-7f0fafd36000 r--p 00187000 08:05 40896553                   /usr/lib/x86_64-linux-gnu/libstdc++.so.6.0.28
7f0fafd36000-7f0fafd37000 ---p 001d0000 08:05 40896553                   /usr/lib/x86_64-linux-gnu/libstdc++.so.6.0.28
7f0fafd37000-7f0fafd42000 r--p 001d0000 08:05 40896553                   /usr/lib/x86_64-linux-gnu/libstdc++.so.6.0.28
7f0fafd42000-7f0fafd45000 rw-p 001db000 08:05 40896553                   /usr/lib/x86_64-linux-gnu/libstdc++.so.6.0.28
7f0fafd45000-7f0fafd48000 rw-p 00000000 00:00 0 
7f0fafd48000-7f0fafd4a000 r--p 00000000 08:05 40896683                   /usr/lib/x86_64-linux-gnu/librt-2.31.so
7f0fafd4a000-7f0fafd4e000 r-xp 00002000 08:05 40896683                   /usr/lib/x86_64-linux-gnu/librt-2.31.so
7f0fafd4e000-7f0fafd50000 r--p 00006000 08:05 40896683                   /usr/lib/x86_64-linux-gnu/librt-2.31.so
7f0fafd50000-7f0fafd51000 r--p 00007000 08:05 40896683                   /usr/lib/x86_64-linux-gnu/librt-2.31.so
7f0fafd51000-7f0fafd52000 rw-p 00008000 08:05 40896683                   /usr/lib/x86_64-linux-gnu/librt-2.31.so
7f0fafd52000-7f0faffa3000 r--p 00000000 08:05 40899521                   /usr/lib/jvm/java-17-openjdk-amd64/lib/server/libjvm.so
7f0faffa3000-7f0fb0cfb000 r-xp 00251000 08:05 40899521                   /usr/lib/jvm/java-17-openjdk-amd64/lib/server/libjvm.so
7f0fb0cfb000-7f0fb0f82000 r--p 00fa9000 08:05 40899521                   /usr/lib/jvm/java-17-openjdk-amd64/lib/server/libjvm.so
7f0fb0f82000-7f0fb0f83000 ---p 01230000 08:05 40899521                   /usr/lib/jvm/java-17-openjdk-amd64/lib/server/libjvm.so
7f0fb0f83000-7f0fb103b000 r--p 01230000 08:05 40899521                   /usr/lib/jvm/java-17-openjdk-amd64/lib/server/libjvm.so
7f0fb103b000-7f0fb1070000 rw-p 012e8000 08:05 40899521                   /usr/lib/jvm/java-17-openjdk-amd64/lib/server/libjvm.so
7f0fb1070000-7f0fb10cc000 rw-p 00000000 00:00 0 
7f0fb10cc000-7f0fb10ee000 r--p 00000000 08:05 40896644                   /usr/lib/x86_64-linux-gnu/libc-2.31.so
7f0fb10ee000-7f0fb1266000 r-xp 00022000 08:05 40896644                   /usr/lib/x86_64-linux-gnu/libc-2.31.so
7f0fb1266000-7f0fb12b4000 r--p 0019a000 08:05 40896644                   /usr/lib/x86_64-linux-gnu/libc-2.31.so
7f0fb12b4000-7f0fb12b8000 r--p 001e7000 08:05 40896644                   /usr/lib/x86_64-linux-gnu/libc-2.31.so
7f0fb12b8000-7f0fb12ba000 rw-p 001eb000 08:05 40896644                   /usr/lib/x86_64-linux-gnu/libc-2.31.so
7f0fb12ba000-7f0fb12be000 rw-p 00000000 00:00 0 
7f0fb12be000-7f0fb12bf000 r--p 00000000 08:05 40896646                   /usr/lib/x86_64-linux-gnu/libdl-2.31.so
7f0fb12bf000-7f0fb12c1000 r-xp 00001000 08:05 40896646                   /usr/lib/x86_64-linux-gnu/libdl-2.31.so
7f0fb12c1000-7f0fb12c2000 r--p 00003000 08:05 40896646                   /usr/lib/x86_64-linux-gnu/libdl-2.31.so
7f0fb12c2000-7f0fb12c3000 r--p 00003000 08:05 40896646                   /usr/lib/x86_64-linux-gnu/libdl-2.31.so
7f0fb12c3000-7f0fb12c4000 rw-p 00004000 08:05 40896646                   /usr/lib/x86_64-linux-gnu/libdl-2.31.so
7f0fb12c4000-7f0fb12ca000 r--p 00000000 08:05 40896676                   /usr/lib/x86_64-linux-gnu/libpthread-2.31.so
7f0fb12ca000-7f0fb12db000 r-xp 00006000 08:05 40896676                   /usr/lib/x86_64-linux-gnu/libpthread-2.31.so
7f0fb12db000-7f0fb12e1000 r--p 00017000 08:05 40896676                   /usr/lib/x86_64-linux-gnu/libpthread-2.31.so
7f0fb12e1000-7f0fb12e2000 r--p 0001c000 08:05 40896676                   /usr/lib/x86_64-linux-gnu/libpthread-2.31.so
7f0fb12e2000-7f0fb12e3000 rw-p 0001d000 08:05 40896676                   /usr/lib/x86_64-linux-gnu/libpthread-2.31.so
7f0fb12e3000-7f0fb12e7000 rw-p 00000000 00:00 0 
7f0fb12e7000-7f0fb12e9000 r--p 00000000 08:05 40899499                   /usr/lib/jvm/java-17-openjdk-amd64/lib/libjli.so
7f0fb12e9000-7f0fb12f3000 r-xp 00002000 08:05 40899499                   /usr/lib/jvm/java-17-openjdk-amd64/lib/libjli.so
7f0fb12f3000-7f0fb12f6000 r--p 0000c000 08:05 40899499                   /usr/lib/jvm/java-17-openjdk-amd64/lib/libjli.so
7f0fb12f6000-7f0fb12f7000 ---p 0000f000 08:05 40899499                   /usr/lib/jvm/java-17-openjdk-amd64/lib/libjli.so
7f0fb12f7000-7f0fb12f8000 r--p 0000f000 08:05 40899499                   /usr/lib/jvm/java-17-openjdk-amd64/lib/libjli.so
7f0fb12f8000-7f0fb12f9000 rw-p 00010000 08:05 40899499                   /usr/lib/jvm/java-17-openjdk-amd64/lib/libjli.so
7f0fb12f9000-7f0fb12fb000 r--p 00000000 08:05 40894656                   /usr/lib/x86_64-linux-gnu/libz.so.1.2.11
7f0fb12fb000-7f0fb130c000 r-xp 00002000 08:05 40894656                   /usr/lib/x86_64-linux-gnu/libz.so.1.2.11
7f0fb130c000-7f0fb1312000 r--p 00013000 08:05 40894656                   /usr/lib/x86_64-linux-gnu/libz.so.1.2.11
7f0fb1312000-7f0fb1313000 ---p 00019000 08:05 40894656                   /usr/lib/x86_64-linux-gnu/libz.so.1.2.11
7f0fb1313000-7f0fb1314000 r--p 00019000 08:05 40894656                   /usr/lib/x86_64-linux-gnu/libz.so.1.2.11
7f0fb1314000-7f0fb1315000 rw-p 0001a000 08:05 40894656                   /usr/lib/x86_64-linux-gnu/libz.so.1.2.11
7f0fb1317000-7f0fb1318000 r--p 00000000 08:05 24268791                   /home/david/probe-scripts/libMethodArgsAgent.so
7f0fb1318000-7f0fb1319000 r-xp 00001000 08:05 24268791                   /home/david/probe-scripts/libMethodArgsAgent.so
7f0fb1319000-7f0fb131a000 r--p 00002000 08:05 24268791                   /home/david/probe-scripts/libMethodArgsAgent.so
7f0fb131a000-7f0fb131b000 r--p 00002000 08:05 24268791                   /home/david/probe-scripts/libMethodArgsAgent.so
7f0fb131b000-7f0fb131c000 rw-p 00003000 08:05 24268791                   /home/david/probe-scripts/libMethodArgsAgent.so
7f0fb131c000-7f0fb131d000 ---p 00000000 00:00 0 
7f0fb131d000-7f0fb131e000 r--p 00000000 00:00 0 
7f0fb131e000-7f0fb1320000 r--p 00000000 08:05 40899498                   /usr/lib/jvm/java-17-openjdk-amd64/lib/libjimage.so
7f0fb1320000-7f0fb1323000 r-xp 00002000 08:05 40899498                   /usr/lib/jvm/java-17-openjdk-amd64/lib/libjimage.so
7f0fb1323000-7f0fb1324000 r--p 00005000 08:05 40899498                   /usr/lib/jvm/java-17-openjdk-amd64/lib/libjimage.so
7f0fb1324000-7f0fb1325000 ---p 00006000 08:05 40899498                   /usr/lib/jvm/java-17-openjdk-amd64/lib/libjimage.so
7f0fb1325000-7f0fb1326000 r--p 00006000 08:05 40899498                   /usr/lib/jvm/java-17-openjdk-amd64/lib/libjimage.so
7f0fb1326000-7f0fb1327000 rw-p 00007000 08:05 40899498                   /usr/lib/jvm/java-17-openjdk-amd64/lib/libjimage.so
7f0fb1327000-7f0fb1329000 rw-p 00000000 00:00 0 
7f0fb1329000-7f0fb132a000 r--p 00000000 08:05 40896638                   /usr/lib/x86_64-linux-gnu/ld-2.31.so
7f0fb132a000-7f0fb134d000 r-xp 00001000 08:05 40896638                   /usr/lib/x86_64-linux-gnu/ld-2.31.so
7f0fb134d000-7f0fb1355000 r--p 00024000 08:05 40896638                   /usr/lib/x86_64-linux-gnu/ld-2.31.so
7f0fb1355000-7f0fb1356000 ---p 00000000 00:00 0 
7f0fb1356000-7f0fb1357000 r--p 0002c000 08:05 40896638                   /usr/lib/x86_64-linux-gnu/ld-2.31.so
7f0fb1357000-7f0fb1358000 rw-p 0002d000 08:05 40896638                   /usr/lib/x86_64-linux-gnu/ld-2.31.so
7f0fb1358000-7f0fb1359000 rw-p 00000000 00:00 0 
7fff22000000-7fff22021000 rw-p 00000000 00:00 0                          [stack]
7fff22135000-7fff22139000 r--p 00000000 00:00 0                          [vvar]
7fff22139000-7fff2213b000 r-xp 00000000 00:00 0                          [vdso]
ffffffffff600000-ffffffffff601000 --xp 00000000 00:00 0                  [vsyscall]


VM Arguments:
jvm_args: -agentpath:/home/david/probe-scripts/libMethodArgsAgent.so 
java_command: EchoInput
java_class_path (initial): .
Launcher Type: SUN_STANDARD

[Global flags]
     intx CICompilerCount                          = 4                                         {product} {ergonomic}
     uint ConcGCThreads                            = 2                                         {product} {ergonomic}
     uint G1ConcRefinementThreads                  = 8                                         {product} {ergonomic}
   size_t G1HeapRegionSize                         = 8388608                                   {product} {ergonomic}
    uintx GCDrainStackTargetSize                   = 64                                        {product} {ergonomic}
   size_t InitialHeapSize                          = 1056964608                                {product} {ergonomic}
   size_t MarkStackSize                            = 4194304                                   {product} {ergonomic}
   size_t MaxHeapSize                              = 16861102080                               {product} {ergonomic}
   size_t MaxNewSize                               = 10116661248                               {product} {ergonomic}
   size_t MinHeapDeltaBytes                        = 8388608                                   {product} {ergonomic}
   size_t MinHeapSize                              = 8388608                                   {product} {ergonomic}
    uintx NonNMethodCodeHeapSize                   = 5839372                                {pd product} {ergonomic}
    uintx NonProfiledCodeHeapSize                  = 122909434                              {pd product} {ergonomic}
    uintx ProfiledCodeHeapSize                     = 122909434                              {pd product} {ergonomic}
    uintx ReservedCodeCacheSize                    = 251658240                              {pd product} {ergonomic}
     bool SegmentedCodeCache                       = true                                      {product} {ergonomic}
   size_t SoftMaxHeapSize                          = 16861102080                            {manageable} {ergonomic}
     bool UseCompressedClassPointers               = true                           {product lp64_product} {ergonomic}
     bool UseCompressedOops                        = true                           {product lp64_product} {ergonomic}
     bool UseG1GC                                  = true                                      {product} {ergonomic}

Logging:
Log output configuration:
 #0: stdout all=warning uptime,level,tags
 #1: stderr all=off uptime,level,tags

Environment Variables:
PATH=/home/david/.local/bin:/home/david/.nvm/versions/node/v12.22.9/bin:/usr/local/sbin:/usr/local/bin:/usr/sbin:/usr/bin:/sbin:/bin:/usr/games:/usr/local/games:/snap/bin
SHELL=/bin/bash
LANG=en_US.UTF-8
TERM=xterm-256color

Active Locale:
LC_ALL=en_US.UTF-8
LC_COLLATE=en_US.UTF-8
LC_CTYPE=en_US.UTF-8
LC_MESSAGES=en_US.UTF-8
LC_MONETARY=en_US.UTF-8
LC_NUMERIC=en_US.UTF-8
LC_TIME=en_US.UTF-8

Signal Handlers:
   SIGSEGV: crash_handler in libjvm.so, mask=11100100010111111101111111111110, flags=SA_RESTART|SA_SIGINFO, unblocked
    SIGBUS: crash_handler in libjvm.so, mask=11100100010111111101111111111110, flags=SA_RESTART|SA_SIGINFO, unblocked
    SIGFPE: crash_handler in libjvm.so, mask=11100100010111111101111111111110, flags=SA_RESTART|SA_SIGINFO, unblocked
   SIGPIPE: javaSignalHandler in libjvm.so, mask=11100100010111111101111111111110, flags=SA_RESTART|SA_SIGINFO, blocked
   SIGXFSZ: javaSignalHandler in libjvm.so, mask=11100100010111111101111111111110, flags=SA_RESTART|SA_SIGINFO, blocked
    SIGILL: crash_handler in libjvm.so, mask=11100100010111111101111111111110, flags=SA_RESTART|SA_SIGINFO, unblocked
   SIGUSR2: SR_handler in libjvm.so, mask=00000000000000000000000000000000, flags=SA_RESTART|SA_SIGINFO, blocked
    SIGHUP: UserHandler in libjvm.so, mask=11100100010111111101111111111110, flags=SA_RESTART|SA_SIGINFO, blocked
    SIGINT: UserHandler in libjvm.so, mask=11100100010111111101111111111110, flags=SA_RESTART|SA_SIGINFO, blocked
   SIGTERM: UserHandler in libjvm.so, mask=11100100010111111101111111111110, flags=SA_RESTART|SA_SIGINFO, blocked
   SIGQUIT: UserHandler in libjvm.so, mask=11100100010111111101111111111110, flags=SA_RESTART|SA_SIGINFO, blocked
   SIGTRAP: crash_handler in libjvm.so, mask=11100100010111111101111111111110, flags=SA_RESTART|SA_SIGINFO, unblocked


Periodic native trim disabled


---------------  S Y S T E M  ---------------

OS:
DISTRIB_ID=Ubuntu
DISTRIB_RELEASE=20.04
DISTRIB_CODENAME=focal
DISTRIB_DESCRIPTION="Ubuntu 20.04.6 LTS"
uname: Linux 5.15.0-91-generic #101~20.04.1-Ubuntu SMP Thu Nov 16 14:22:28 UTC 2023 x86_64
OS uptime: 86 days 8:40 hours
libc: glibc 2.31 NPTL 2.31 
rlimit (soft/hard): STACK 8192k/infinity , CORE 0k/infinity , NPROC 256884/256884 , NOFILE 1048576/1048576 , AS infinity/infinity , CPU infinity/infinity , DATA infinity/infinity , FSIZE infinity/infinity , MEMLOCK 65536k/65536k
load average: 0.00 0.00 0.00

/proc/meminfo:
MemTotal:       65843760 kB
MemFree:         7317916 kB
MemAvailable:   59874496 kB
Buffers:         1256832 kB
Cached:         48658980 kB
SwapCached:          112 kB
Active:         16989600 kB
Inactive:       37400136 kB
Active(anon):      31504 kB
Inactive(anon):  4507172 kB
Active(file):   16958096 kB
Inactive(file): 32892964 kB
Unevictable:           0 kB
Mlocked:               0 kB
SwapTotal:       2097148 kB
SwapFree:        2094820 kB
Dirty:                 8 kB
Writeback:             0 kB
AnonPages:       4473848 kB
Mapped:           578248 kB
Shmem:             64744 kB
KReclaimable:    3431752 kB
Slab:            3848480 kB
SReclaimable:    3431752 kB
SUnreclaim:       416728 kB
KernelStack:       16636 kB
PageTables:        31136 kB
NFS_Unstable:          0 kB
Bounce:                0 kB
WritebackTmp:          0 kB
CommitLimit:    35019028 kB
Committed_AS:   14372712 kB
VmallocTotal:   34359738367 kB
VmallocUsed:       47500 kB
VmallocChunk:          0 kB
Percpu:            12864 kB
HardwareCorrupted:     0 kB
AnonHugePages:         0 kB
ShmemHugePages:        0 kB
ShmemPmdMapped:        0 kB
FileHugePages:         0 kB
FilePmdMapped:         0 kB
HugePages_Total:       0
HugePages_Free:        0
HugePages_Rsvd:        0
HugePages_Surp:        0
Hugepagesize:       2048 kB
Hugetlb:               0 kB
DirectMap4k:      733056 kB
DirectMap2M:    32821248 kB
DirectMap1G:    35651584 kB

/sys/kernel/mm/transparent_hugepage/enabled: always [madvise] never
/sys/kernel/mm/transparent_hugepage/defrag (defrag/compaction efforts parameter): always defer defer+madvise [madvise] never

Process Memory:
Virtual Size: 19800836K (peak: 19800836K)
Resident Set Size: 42004K (peak: 42004K) (anon: 23228K, file: 18776K, shmem: 0K)
Swapped out: 0K
C-Heap outstanding allocations: 24959K, retained: 1940K
glibc malloc tunables: (default)

/proc/sys/kernel/threads-max (system-wide limit on the number of threads): 513768
/proc/sys/vm/max_map_count (maximum number of memory map areas a process may have): 65530
/proc/sys/kernel/pid_max (system-wide limit on number of process identifiers): 4194304

container (cgroup) information:
container_type: cgroupv1
cpu_cpuset_cpus: 0-7
cpu_memory_nodes: 0
active_processor_count: 8
cpu_quota: no quota
cpu_period: 100000
cpu_shares: no shares
memory_limit_in_bytes: unlimited
memory_and_swap_limit_in_bytes: unlimited
memory_soft_limit_in_bytes: unlimited
memory_usage_in_bytes: 31712 k
memory_max_usage_in_bytes: 31712 k
kernel_memory_usage_in_bytes: 1268 k
kernel_memory_max_usage_in_bytes: unlimited
kernel_memory_limit_in_bytes: 2264 k
maximum number of tasks: unlimited
current number of tasks: 21

VMWare virtualization detected
Steal ticks since vm start: 0
Steal ticks percentage since vm start:  0.000

CPU: total 8 (initial active 8) (1 cores per cpu, 1 threads per core) family 6 model 106 stepping 6 microcode 0xd0003a5, cx8, cmov, fxsr, mmx, 3dnowpref, sse, sse2, sse3, ssse3, sse4.1, sse4.2, popcnt, lzcnt, tsc, tscinvbit, avx, avx2, aes, erms, clmul, bmi1, bmi2, adx, avx512f, avx512dq, avx512cd, avx512bw, avx512vl, sha, fma, vzeroupper, avx512_vpopcntdq, avx512_vpclmulqdq, avx512_vaes, avx512_vnni, clflush, clflushopt, clwb, avx512_vbmi2, avx512_vbmi, hv
CPU Model and flags from /proc/cpuinfo:
model name	: Intel(R) Xeon(R) Silver 4314 CPU @ 2.40GHz
flags		: fpu vme de pse tsc msr pae mce cx8 apic sep mtrr pge mca cmov pat pse36 clflush mmx fxsr sse sse2 ss syscall nx pdpe1gb rdtscp lm constant_tsc arch_perfmon rep_good nopl xtopology tsc_reliable nonstop_tsc cpuid tsc_known_freq pni pclmulqdq ssse3 fma cx16 pcid sse4_1 sse4_2 x2apic movbe popcnt tsc_deadline_timer aes xsave avx f16c rdrand hypervisor lahf_lm abm 3dnowprefetch invpcid_single ssbd ibrs ibpb stibp ibrs_enhanced fsgsbase tsc_adjust bmi1 avx2 smep bmi2 erms invpcid avx512f avx512dq rdseed adx smap avx512ifma clflushopt clwb avx512cd sha_ni avx512bw avx512vl xsaveopt xsavec xgetbv1 xsaves wbnoinvd arat avx512vbmi umip pku ospke avx512_vbmi2 gfni vaes vpclmulqdq avx512_vnni avx512_bitalg avx512_vpopcntdq rdpid fsrm md_clear flush_l1d arch_capabilities

Online cpus: 0-7
Offline cpus: 
BIOS frequency limitation: <Not Available>
Frequency switch latency (ns): <Not Available>
Available cpu frequencies: <Not Available>
Current governor: <Not Available>
Core performance/turbo boost: <Not Available>

Memory: 4k page, physical 65843760k(7317916k free), swap 2097148k(2094820k free)
Page Sizes: 4k

vm_info: OpenJDK 64-Bit Server VM (17.0.10+7-Ubuntu-120.04.1) for linux-amd64 JRE (17.0.10+7-Ubuntu-120.04.1), built on Feb  5 2024 21:00:59 by "buildd" with gcc 10.5.0

END.
