#
# A fatal error has been detected by the Java Runtime Environment:
#
#  SIGSEGV (0xb) at pc=0x00007f078b8b3329, pid=340693, tid=340694
#
# JRE version: OpenJDK Runtime Environment (17.0.11) (build 17.0.11-internal+0-adhoc.david.jdk17u)
# Java VM: OpenJDK 64-Bit Server VM (17.0.11-internal+0-adhoc.david.jdk17u, mixed mode, sharing, tiered, compressed oops, compressed class ptrs, g1 gc, linux-amd64)
# Problematic frame:
# V  [libjvm.so+0x84e329]  java_lang_String::utf8_length(oopDesc*, typeArrayOopDesc*)+0x29
#
# Core dump will be written. Default location: Core dumps may be processed with "/usr/share/apport/apport -p%p -s%s -c%c -d%d -P%P -u%u -g%g -- %E" (or dumping to /home/david/java-programs/core.340693)
#
# If you would like to submit a bug report, please visit:
#   https://bugreport.java.com/bugreport/crash.jsp
#

---------------  S U M M A R Y ------------

Command Line: -agentpath:/home/david/probe-scripts/libMethodArgsAgent.so EchoInput

Host: Intel(R) Xeon(R) Silver 4314 CPU @ 2.40GHz, 8 cores, 62G, Ubuntu 20.04.6 LTS
Time: Thu Apr 11 13:14:27 2024 EDT elapsed time: 0.049262 seconds (0d 0h 0m 0s)

---------------  T H R E A D  ---------------

Current thread (0x00007f0784026ad0):  JavaThread "main" [_thread_in_vm, id=340694, stack(0x00007f078ae15000,0x00007f078af16000)]

Stack: [0x00007f078ae15000,0x00007f078af16000],  sp=0x00007f078af144b8,  free space=1021k
Native frames: (J=compiled Java code, j=interpreted, Vv=VM code, C=native code)
V  [libjvm.so+0x84e329]  java_lang_String::utf8_length(oopDesc*, typeArrayOopDesc*)+0x29
C  [libMethodArgsAgent.so+0x1256]  MethodEntryCallback+0xdd
V  [libjvm.so+0xa55193]  JvmtiExport::post_method_entry(JavaThread*, Method*, frame)+0x2a3
V  [libjvm.so+0x841170]  InterpreterRuntime::post_method_entry(JavaThread*)+0x90
j  jdk.internal.misc.VM.getSavedProperty(Ljava/lang/String;)Ljava/lang/String;+0 java.base@17.0.11-internal
j  sun.launcher.LauncherHelper.<clinit>()V+13 java.base@17.0.11-internal
v  ~StubRoutines::call_stub
V  [libjvm.so+0x84a4e5]  JavaCalls::call_helper(JavaValue*, methodHandle const&, JavaCallArguments*, JavaThread*)+0x325
V  [libjvm.so+0x827132]  InstanceKlass::call_class_initializer(JavaThread*)+0x252
V  [libjvm.so+0x8284fd]  InstanceKlass::initialize_impl(JavaThread*)+0x51d
V  [libjvm.so+0x8dc7cf]  get_method_id(JNIEnv_*, _jclass*, char const*, char const*, bool, JavaThread*) [clone .constprop.0]+0x10f
V  [libjvm.so+0x8dcbef]  jni_GetStaticMethodID+0xbf
C  [libjli.so+0x4499]  JavaMain+0x599
C  [libjli.so+0x848d]  ThreadJavaMain+0xd

Java frames: (J=compiled Java code, j=interpreted, Vv=VM code)
j  jdk.internal.misc.VM.getSavedProperty(Ljava/lang/String;)Ljava/lang/String;+0 java.base@17.0.11-internal
j  sun.launcher.LauncherHelper.<clinit>()V+13 java.base@17.0.11-internal
v  ~StubRoutines::call_stub

siginfo: si_signo: 11 (SIGSEGV), si_code: 1 (SEGV_MAPERR), si_addr: 0x000000000003f844

Registers:
RAX=0x00007f078c2e57a0, RBX=0x0000000000000000, RCX=0x0000000000000003, RDX=0x0000000000000000
RSP=0x00007f078af144b8, RBP=0x00007f078af14520, RSI=0x000000000003f838, RDI=0x0000000000000010
R8 =0x000000000003f838, R9 =0x00005587c8ffd7c0, R10=0x0000000000000110, R11=0x0000000000000011
R12=0x00007f0784026ad0, R13=0x00007f0784026ad0, R14=0x00007f078c2e57a0, R15=0x000000000003f838
RIP=0x00007f078b8b3329, EFLAGS=0x0000000000010246, CSGSFS=0x002b000000000033, ERR=0x0000000000000004
  TRAPNO=0x000000000000000e


Register to memory mapping:

RAX=0x00007f078c2e57a0: <offset 0x00000000012807a0> in /home/david/jdk17u/build/linux-x86_64-server-release/images/jdk/lib/server/libjvm.so at 0x00007f078b065000
RBX=0x0 is NULL
RCX=0x0000000000000003 is an unknown value
RDX=0x0 is NULL
RSP=0x00007f078af144b8 is pointing into the stack for thread: 0x00007f0784026ad0
RBP=0x00007f078af14520 is pointing into the stack for thread: 0x00007f0784026ad0
RSI=0x000000000003f838 is an unknown value
RDI=0x0000000000000010 is an unknown value
R8 =0x000000000003f838 is an unknown value
R9 =0x00005587c8ffd7c0 points into unknown readable memory: 0x0000000000000002 | 02 00 00 00 00 00 00 00
R10=0x0000000000000110 is an unknown value
R11=0x0000000000000011 is an unknown value
R12=0x00007f0784026ad0 is a thread
R13=0x00007f0784026ad0 is a thread
R14=0x00007f078c2e57a0: <offset 0x00000000012807a0> in /home/david/jdk17u/build/linux-x86_64-server-release/images/jdk/lib/server/libjvm.so at 0x00007f078b065000
R15=0x000000000003f838 is an unknown value


Top of Stack: (sp=0x00007f078af144b8)
0x00007f078af144b8:   00007f078b93d543 00007f078af14560
0x00007f078af144c8:   00007f078af14558 00007f0784026ad0
0x00007f078af144d8:   0000000000000000 00007f0700000000
0x00007f078af144e8:   0000000000000000 0000000000000000
0x00007f078af144f8:   00007f0784026ad0 00007f07841f0760
0x00007f078af14508:   00007f078af145c0 00007f078af14600
0x00007f078af14518:   0000000000000000 00007f078af14580
0x00007f078af14528:   00007f078c65b256 00007f07841f1820
0x00007f078af14538:   00007f07841d17b0 00007f0784026d80
0x00007f078af14548:   00007f0784015fc0 00007f078af14580
0x00007f078af14558:   00007f07841f3cf0 00007f07841f4400
0x00007f078af14568:   00007f0784026ad0 00007f07841f0760
0x00007f078af14578:   f8ce37b55dea0800 00007f078af146a0
0x00007f078af14588:   00007f078baba193 00007f07841d17b0
0x00007f078af14598:   00007f07841f1820 00007f0784015fc0
0x00007f078af145a8:   00007f0784026ad0 00007f06eb41f4d8
0x00007f078af145b8:   00007f0784026ad0 00007f0784026ad0
0x00007f078af145c8:   00007f07840270f0 00007f0784027b50
0x00007f078af145d8:   00007f0784027b68 00007f0784027c38
0x00007f078af145e8:   00000000000000d8 00007f078af148d0
0x00007f078af145f8:   00007f06eb45a740 00007f06eb010018
0x00007f078af14608:   00007f07840270b0 00007f0784027760
0x00007f078af14618:   00007f0784027770 00007f0784027b48
0x00007f078af14628:   00000000000003d8 00007f0784026ad0
0x00007f078af14638:   00007f0784026ad0 00007f07840270f0
0x00007f078af14648:   00007f0784027b50 00007f0784027b68
0x00007f078af14658:   00007f0784027c38 00000000000000d8
0x00007f078af14668:   00007f078af145c0 0000000000000000
0x00007f078af14678:   00007f06eb41f4d8 00007f0784026ad0
0x00007f078af14688:   00007f06ebb14aa8 00007f078af147c0
0x00007f078af14698:   00007f0784026ad0 00007f078af14750
0x00007f078af146a8:   00007f078b8a6170 00007f078af14768 

Instructions: (pc=0x00007f078b8b3329)
0x00007f078b8b3229:   ff 48 89 df e8 9e f6 b8 ff 48 8b 45 b0 48 8b 4d
0x00007f078b8b3239:   b8 49 39 4d 18 74 12 66 48 0f 6e c3 4d 89 75 20
0x00007f078b8b3249:   0f 16 45 b8 41 0f 11 45 10 48 83 c4 38 5b 41 5c
0x00007f078b8b3259:   41 5d 41 5e 41 5f 5d c3 0f 1f 80 00 00 00 00 85
0x00007f078b8b3269:   f6 74 2c 80 fa 01 48 19 c0 83 e0 08 49 8d 7c 04
0x00007f078b8b3279:   10 48 8d 55 cc e8 cd bc 61 00 48 83 c4 38 5b 41
0x00007f078b8b3289:   5c 41 5d 41 5e 41 5f 5d c3 66 0f 1f 44 00 00 31
0x00007f078b8b3299:   f6 31 ff eb dc 66 90 48 63 05 45 15 b2 00 c7 45
0x00007f078b8b32a9:   c8 00 00 00 00 80 3c 18 00 75 e4 66 48 8d 3d d4
0x00007f078b8b32b9:   3c ad 00 66 66 48 e8 dc 52 a0 ff 48 8b 00 4c 8b
0x00007f078b8b32c9:   a8 38 02 00 00 49 8b 45 18 49 8b 5d 10 4d 8b 75
0x00007f078b8b32d9:   20 4d 8b 7d 28 48 89 45 b8 e9 13 ff ff ff 66 0f
0x00007f078b8b32e9:   1f 84 00 00 00 00 00 45 31 e4 e9 02 ff ff ff 0f
0x00007f078b8b32f9:   1f 84 00 00 00 00 00 f3 0f 1e fa 48 89 f8 48 85
0x00007f078b8b3309:   f6 74 54 48 8d 15 ba f0 b1 00 80 3a 01 48 19 ff
0x00007f078b8b3319:   83 e7 08 48 83 c7 10 80 3a 01 48 19 d2 83 e2 04
0x00007f078b8b3329:   44 8b 44 16 0c 48 63 15 b7 14 b2 00 80 3c 10 00
0x00007f078b8b3339:   74 15 41 d1 f8 74 20 48 01 f7 44 89 c6 e9 c5 5a
0x00007f078b8b3349:   6b 00 0f 1f 44 00 00 45 85 c0 74 0b 48 01 f7 44
0x00007f078b8b3359:   89 c6 e9 30 58 6b 00 31 c0 c3 90 66 66 2e 0f 1f
0x00007f078b8b3369:   84 00 00 00 00 00 90 f3 0f 1e fa 55 48 89 e5 53
0x00007f078b8b3379:   48 89 fb 48 83 ec 08 48 63 35 71 14 b2 00 ff 15
0x00007f078b8b3389:   3b 7e ad 00 48 85 c0 74 5e 48 8d 15 34 f0 b1 00
0x00007f078b8b3399:   80 3a 01 48 19 ff 83 e7 08 48 83 c7 10 80 3a 01
0x00007f078b8b33a9:   48 19 d2 83 e2 04 8b 74 10 0c 48 63 15 32 14 b2
0x00007f078b8b33b9:   00 80 3c 13 00 74 18 d1 fe 74 2c 48 83 c4 08 48
0x00007f078b8b33c9:   01 c7 5b 5d e9 3e 5a 6b 00 66 0f 1f 44 00 00 85
0x00007f078b8b33d9:   f6 74 14 48 83 c4 08 48 01 c7 5b 5d e9 a6 57 6b
0x00007f078b8b33e9:   00 66 0f 1f 44 00 00 48 83 c4 08 31 c0 5b 5d c3
0x00007f078b8b33f9:   90 66 0f 1f 44 00 00 f3 0f 1e fa 55 48 89 e5 41
0x00007f078b8b3409:   54 49 89 f4 48 63 35 e4 13 b2 00 53 48 89 fb ff
0x00007f078b8b3419:   15 aa 7d ad 00 48 85 c0 74 7d 48 8d 0d a3 ef b1 


Stack slot to memory mapping:
stack at sp + 0 slots: 0x00007f078b93d543: <offset 0x00000000008d8543> in /home/david/jdk17u/build/linux-x86_64-server-release/images/jdk/lib/server/libjvm.so at 0x00007f078b065000
stack at sp + 1 slots: 0x00007f078af14560 is pointing into the stack for thread: 0x00007f0784026ad0
stack at sp + 2 slots: 0x00007f078af14558 is pointing into the stack for thread: 0x00007f0784026ad0
stack at sp + 3 slots: 0x00007f0784026ad0 is a thread
stack at sp + 4 slots: 0x0 is NULL
stack at sp + 5 slots: 0x00007f0700000000 is an unknown value
stack at sp + 6 slots: 0x0 is NULL
stack at sp + 7 slots: 0x0 is NULL


---------------  P R O C E S S  ---------------

Threads class SMR info:
_java_thread_list=0x00007f07841f2710, length=10, elements={
0x00007f0784026ad0, 0x00007f07841d3aa0, 0x00007f07841d4e90, 0x00007f07841da430,
0x00007f07841db7f0, 0x00007f07841dcc10, 0x00007f07841de5d0, 0x00007f07841dfb10,
0x00007f07841e8f80, 0x00007f07841f1860
}

Java Threads: ( => current thread )
=>0x00007f0784026ad0 JavaThread "main" [_thread_in_vm, id=340694, stack(0x00007f078ae15000,0x00007f078af16000)]
  0x00007f07841d3aa0 JavaThread "Reference Handler" daemon [_thread_blocked, id=340701, stack(0x00007f07490a8000,0x00007f07491a9000)]
  0x00007f07841d4e90 JavaThread "Finalizer" daemon [_thread_blocked, id=340702, stack(0x00007f0748fa7000,0x00007f07490a8000)]
  0x00007f07841da430 JavaThread "Signal Dispatcher" daemon [_thread_blocked, id=340703, stack(0x00007f0748936000,0x00007f0748a37000)]
  0x00007f07841db7f0 JavaThread "Service Thread" daemon [_thread_blocked, id=340704, stack(0x00007f0748835000,0x00007f0748936000)]
  0x00007f07841dcc10 JavaThread "Monitor Deflation Thread" daemon [_thread_blocked, id=340705, stack(0x00007f0748734000,0x00007f0748835000)]
  0x00007f07841de5d0 JavaThread "C2 CompilerThread0" daemon [_thread_blocked, id=340706, stack(0x00007f0748633000,0x00007f0748734000)]
  0x00007f07841dfb10 JavaThread "C1 CompilerThread0" daemon [_thread_blocked, id=340707, stack(0x00007f0748532000,0x00007f0748633000)]
  0x00007f07841e8f80 JavaThread "Sweeper thread" daemon [_thread_blocked, id=340708, stack(0x00007f0748431000,0x00007f0748532000)]
  0x00007f07841f1860 JavaThread "Notification Thread" daemon [_thread_blocked, id=340709, stack(0x00007f0748330000,0x00007f0748431000)]

Other Threads:
  0x00007f07841cfb10 VMThread "VM Thread" [stack: 0x00007f07491aa000,0x00007f07492aa000] [id=340700]
  0x00007f07841f30a0 WatcherThread [stack: 0x00007f0748230000,0x00007f0748330000] [id=340710]
  0x00007f0784056b90 GCTaskThread "GC Thread#0" [stack: 0x00007f0788221000,0x00007f0788321000] [id=340695]
  0x00007f0784067ce0 ConcurrentGCThread "G1 Main Marker" [stack: 0x00007f0788120000,0x00007f0788220000] [id=340696]
  0x00007f0784068c50 ConcurrentGCThread "G1 Conc#0" [stack: 0x00007f078801f000,0x00007f078811f000] [id=340697]
  0x00007f078419cb30 ConcurrentGCThread "G1 Refine#0" [stack: 0x00007f07495d1000,0x00007f07496d1000] [id=340698]
  0x00007f078419da30 ConcurrentGCThread "G1 Service" [stack: 0x00007f07494d0000,0x00007f07495d0000] [id=340699]

Threads with active compile tasks:

VM state: not at safepoint (normal execution)

VM Mutex/Monitor currently owned by a thread: None

Heap address: 0x0000000413000000, size: 16080 MB, Compressed Oops mode: Zero based, Oop shift amount: 3

CDS archive(s) mapped at: [0x00007f06eb000000-0x00007f06ebbc7000-0x00007f06ebbc7000), size 12349440, SharedBaseAddress: 0x00007f06eb000000, ArchiveRelocationMode: 1.
Compressed class space mapped at: 0x00007f06ec000000-0x00007f072c000000, reserved size: 1073741824
Narrow klass base: 0x00007f06eb000000, Narrow klass shift: 0, Narrow klass range: 0x100000000

GC Precious Log:
 CPUs: 8 total, 8 available
 Memory: 64300M
 Large Page Support: Disabled
 NUMA Support: Disabled
 Compressed Oops: Enabled (Zero based)
 Heap Region Size: 8M
 Heap Min Capacity: 8M
 Heap Initial Capacity: 1008M
 Heap Max Capacity: 16080M
 Pre-touch: Disabled
 Parallel Workers: 8
 Concurrent Workers: 2
 Concurrent Refinement Workers: 8
 Periodic GC: Disabled

Heap:
 garbage-first heap   total 1048576K, used 8112K [0x0000000413000000, 0x0000000800000000)
  region size 8192K, 1 young (8192K), 0 survivors (0K)
 Metaspace       used 48K, committed 128K, reserved 1114112K
  class space    used 1K, committed 64K, reserved 1048576K

Heap Regions: E=young(eden), S=young(survivor), O=old, HS=humongous(starts), HC=humongous(continues), CS=collection set, F=free, OA=open archive, CA=closed archive, TAMS=top-at-mark-start (previous, next)
|   0|0x0000000413000000, 0x0000000413000000, 0x0000000413800000|  0%| F|  |TAMS 0x0000000413000000, 0x0000000413000000| Untracked 
|   1|0x0000000413800000, 0x0000000413800000, 0x0000000414000000|  0%| F|  |TAMS 0x0000000413800000, 0x0000000413800000| Untracked 
|   2|0x0000000414000000, 0x0000000414000000, 0x0000000414800000|  0%| F|  |TAMS 0x0000000414000000, 0x0000000414000000| Untracked 
|   3|0x0000000414800000, 0x0000000414800000, 0x0000000415000000|  0%| F|  |TAMS 0x0000000414800000, 0x0000000414800000| Untracked 
|   4|0x0000000415000000, 0x0000000415000000, 0x0000000415800000|  0%| F|  |TAMS 0x0000000415000000, 0x0000000415000000| Untracked 
|   5|0x0000000415800000, 0x0000000415800000, 0x0000000416000000|  0%| F|  |TAMS 0x0000000415800000, 0x0000000415800000| Untracked 
|   6|0x0000000416000000, 0x0000000416000000, 0x0000000416800000|  0%| F|  |TAMS 0x0000000416000000, 0x0000000416000000| Untracked 
|   7|0x0000000416800000, 0x0000000416800000, 0x0000000417000000|  0%| F|  |TAMS 0x0000000416800000, 0x0000000416800000| Untracked 
|   8|0x0000000417000000, 0x0000000417000000, 0x0000000417800000|  0%| F|  |TAMS 0x0000000417000000, 0x0000000417000000| Untracked 
|   9|0x0000000417800000, 0x0000000417800000, 0x0000000418000000|  0%| F|  |TAMS 0x0000000417800000, 0x0000000417800000| Untracked 
|  10|0x0000000418000000, 0x0000000418000000, 0x0000000418800000|  0%| F|  |TAMS 0x0000000418000000, 0x0000000418000000| Untracked 
|  11|0x0000000418800000, 0x0000000418800000, 0x0000000419000000|  0%| F|  |TAMS 0x0000000418800000, 0x0000000418800000| Untracked 
|  12|0x0000000419000000, 0x0000000419000000, 0x0000000419800000|  0%| F|  |TAMS 0x0000000419000000, 0x0000000419000000| Untracked 
|  13|0x0000000419800000, 0x0000000419800000, 0x000000041a000000|  0%| F|  |TAMS 0x0000000419800000, 0x0000000419800000| Untracked 
|  14|0x000000041a000000, 0x000000041a000000, 0x000000041a800000|  0%| F|  |TAMS 0x000000041a000000, 0x000000041a000000| Untracked 
|  15|0x000000041a800000, 0x000000041a800000, 0x000000041b000000|  0%| F|  |TAMS 0x000000041a800000, 0x000000041a800000| Untracked 
|  16|0x000000041b000000, 0x000000041b000000, 0x000000041b800000|  0%| F|  |TAMS 0x000000041b000000, 0x000000041b000000| Untracked 
|  17|0x000000041b800000, 0x000000041b800000, 0x000000041c000000|  0%| F|  |TAMS 0x000000041b800000, 0x000000041b800000| Untracked 
|  18|0x000000041c000000, 0x000000041c000000, 0x000000041c800000|  0%| F|  |TAMS 0x000000041c000000, 0x000000041c000000| Untracked 
|  19|0x000000041c800000, 0x000000041c800000, 0x000000041d000000|  0%| F|  |TAMS 0x000000041c800000, 0x000000041c800000| Untracked 
|  20|0x000000041d000000, 0x000000041d000000, 0x000000041d800000|  0%| F|  |TAMS 0x000000041d000000, 0x000000041d000000| Untracked 
|  21|0x000000041d800000, 0x000000041d800000, 0x000000041e000000|  0%| F|  |TAMS 0x000000041d800000, 0x000000041d800000| Untracked 
|  22|0x000000041e000000, 0x000000041e000000, 0x000000041e800000|  0%| F|  |TAMS 0x000000041e000000, 0x000000041e000000| Untracked 
|  23|0x000000041e800000, 0x000000041e800000, 0x000000041f000000|  0%| F|  |TAMS 0x000000041e800000, 0x000000041e800000| Untracked 
|  24|0x000000041f000000, 0x000000041f000000, 0x000000041f800000|  0%| F|  |TAMS 0x000000041f000000, 0x000000041f000000| Untracked 
|  25|0x000000041f800000, 0x000000041f800000, 0x0000000420000000|  0%| F|  |TAMS 0x000000041f800000, 0x000000041f800000| Untracked 
|  26|0x0000000420000000, 0x0000000420000000, 0x0000000420800000|  0%| F|  |TAMS 0x0000000420000000, 0x0000000420000000| Untracked 
|  27|0x0000000420800000, 0x0000000420800000, 0x0000000421000000|  0%| F|  |TAMS 0x0000000420800000, 0x0000000420800000| Untracked 
|  28|0x0000000421000000, 0x0000000421000000, 0x0000000421800000|  0%| F|  |TAMS 0x0000000421000000, 0x0000000421000000| Untracked 
|  29|0x0000000421800000, 0x0000000421800000, 0x0000000422000000|  0%| F|  |TAMS 0x0000000421800000, 0x0000000421800000| Untracked 
|  30|0x0000000422000000, 0x0000000422000000, 0x0000000422800000|  0%| F|  |TAMS 0x0000000422000000, 0x0000000422000000| Untracked 
|  31|0x0000000422800000, 0x0000000422800000, 0x0000000423000000|  0%| F|  |TAMS 0x0000000422800000, 0x0000000422800000| Untracked 
|  32|0x0000000423000000, 0x0000000423000000, 0x0000000423800000|  0%| F|  |TAMS 0x0000000423000000, 0x0000000423000000| Untracked 
|  33|0x0000000423800000, 0x0000000423800000, 0x0000000424000000|  0%| F|  |TAMS 0x0000000423800000, 0x0000000423800000| Untracked 
|  34|0x0000000424000000, 0x0000000424000000, 0x0000000424800000|  0%| F|  |TAMS 0x0000000424000000, 0x0000000424000000| Untracked 
|  35|0x0000000424800000, 0x0000000424800000, 0x0000000425000000|  0%| F|  |TAMS 0x0000000424800000, 0x0000000424800000| Untracked 
|  36|0x0000000425000000, 0x0000000425000000, 0x0000000425800000|  0%| F|  |TAMS 0x0000000425000000, 0x0000000425000000| Untracked 
|  37|0x0000000425800000, 0x0000000425800000, 0x0000000426000000|  0%| F|  |TAMS 0x0000000425800000, 0x0000000425800000| Untracked 
|  38|0x0000000426000000, 0x0000000426000000, 0x0000000426800000|  0%| F|  |TAMS 0x0000000426000000, 0x0000000426000000| Untracked 
|  39|0x0000000426800000, 0x0000000426800000, 0x0000000427000000|  0%| F|  |TAMS 0x0000000426800000, 0x0000000426800000| Untracked 
|  40|0x0000000427000000, 0x0000000427000000, 0x0000000427800000|  0%| F|  |TAMS 0x0000000427000000, 0x0000000427000000| Untracked 
|  41|0x0000000427800000, 0x0000000427800000, 0x0000000428000000|  0%| F|  |TAMS 0x0000000427800000, 0x0000000427800000| Untracked 
|  42|0x0000000428000000, 0x0000000428000000, 0x0000000428800000|  0%| F|  |TAMS 0x0000000428000000, 0x0000000428000000| Untracked 
|  43|0x0000000428800000, 0x0000000428800000, 0x0000000429000000|  0%| F|  |TAMS 0x0000000428800000, 0x0000000428800000| Untracked 
|  44|0x0000000429000000, 0x0000000429000000, 0x0000000429800000|  0%| F|  |TAMS 0x0000000429000000, 0x0000000429000000| Untracked 
|  45|0x0000000429800000, 0x0000000429800000, 0x000000042a000000|  0%| F|  |TAMS 0x0000000429800000, 0x0000000429800000| Untracked 
|  46|0x000000042a000000, 0x000000042a000000, 0x000000042a800000|  0%| F|  |TAMS 0x000000042a000000, 0x000000042a000000| Untracked 
|  47|0x000000042a800000, 0x000000042a800000, 0x000000042b000000|  0%| F|  |TAMS 0x000000042a800000, 0x000000042a800000| Untracked 
|  48|0x000000042b000000, 0x000000042b000000, 0x000000042b800000|  0%| F|  |TAMS 0x000000042b000000, 0x000000042b000000| Untracked 
|  49|0x000000042b800000, 0x000000042b800000, 0x000000042c000000|  0%| F|  |TAMS 0x000000042b800000, 0x000000042b800000| Untracked 
|  50|0x000000042c000000, 0x000000042c000000, 0x000000042c800000|  0%| F|  |TAMS 0x000000042c000000, 0x000000042c000000| Untracked 
|  51|0x000000042c800000, 0x000000042c800000, 0x000000042d000000|  0%| F|  |TAMS 0x000000042c800000, 0x000000042c800000| Untracked 
|  52|0x000000042d000000, 0x000000042d000000, 0x000000042d800000|  0%| F|  |TAMS 0x000000042d000000, 0x000000042d000000| Untracked 
|  53|0x000000042d800000, 0x000000042d800000, 0x000000042e000000|  0%| F|  |TAMS 0x000000042d800000, 0x000000042d800000| Untracked 
|  54|0x000000042e000000, 0x000000042e000000, 0x000000042e800000|  0%| F|  |TAMS 0x000000042e000000, 0x000000042e000000| Untracked 
|  55|0x000000042e800000, 0x000000042e800000, 0x000000042f000000|  0%| F|  |TAMS 0x000000042e800000, 0x000000042e800000| Untracked 
|  56|0x000000042f000000, 0x000000042f000000, 0x000000042f800000|  0%| F|  |TAMS 0x000000042f000000, 0x000000042f000000| Untracked 
|  57|0x000000042f800000, 0x000000042f800000, 0x0000000430000000|  0%| F|  |TAMS 0x000000042f800000, 0x000000042f800000| Untracked 
|  58|0x0000000430000000, 0x0000000430000000, 0x0000000430800000|  0%| F|  |TAMS 0x0000000430000000, 0x0000000430000000| Untracked 
|  59|0x0000000430800000, 0x0000000430800000, 0x0000000431000000|  0%| F|  |TAMS 0x0000000430800000, 0x0000000430800000| Untracked 
|  60|0x0000000431000000, 0x0000000431000000, 0x0000000431800000|  0%| F|  |TAMS 0x0000000431000000, 0x0000000431000000| Untracked 
|  61|0x0000000431800000, 0x0000000431800000, 0x0000000432000000|  0%| F|  |TAMS 0x0000000431800000, 0x0000000431800000| Untracked 
|  62|0x0000000432000000, 0x0000000432000000, 0x0000000432800000|  0%| F|  |TAMS 0x0000000432000000, 0x0000000432000000| Untracked 
|  63|0x0000000432800000, 0x0000000432800000, 0x0000000433000000|  0%| F|  |TAMS 0x0000000432800000, 0x0000000432800000| Untracked 
|  64|0x0000000433000000, 0x0000000433000000, 0x0000000433800000|  0%| F|  |TAMS 0x0000000433000000, 0x0000000433000000| Untracked 
|  65|0x0000000433800000, 0x0000000433800000, 0x0000000434000000|  0%| F|  |TAMS 0x0000000433800000, 0x0000000433800000| Untracked 
|  66|0x0000000434000000, 0x0000000434000000, 0x0000000434800000|  0%| F|  |TAMS 0x0000000434000000, 0x0000000434000000| Untracked 
|  67|0x0000000434800000, 0x0000000434800000, 0x0000000435000000|  0%| F|  |TAMS 0x0000000434800000, 0x0000000434800000| Untracked 
|  68|0x0000000435000000, 0x0000000435000000, 0x0000000435800000|  0%| F|  |TAMS 0x0000000435000000, 0x0000000435000000| Untracked 
|  69|0x0000000435800000, 0x0000000435800000, 0x0000000436000000|  0%| F|  |TAMS 0x0000000435800000, 0x0000000435800000| Untracked 
|  70|0x0000000436000000, 0x0000000436000000, 0x0000000436800000|  0%| F|  |TAMS 0x0000000436000000, 0x0000000436000000| Untracked 
|  71|0x0000000436800000, 0x0000000436800000, 0x0000000437000000|  0%| F|  |TAMS 0x0000000436800000, 0x0000000436800000| Untracked 
|  72|0x0000000437000000, 0x0000000437000000, 0x0000000437800000|  0%| F|  |TAMS 0x0000000437000000, 0x0000000437000000| Untracked 
|  73|0x0000000437800000, 0x0000000437800000, 0x0000000438000000|  0%| F|  |TAMS 0x0000000437800000, 0x0000000437800000| Untracked 
|  74|0x0000000438000000, 0x0000000438000000, 0x0000000438800000|  0%| F|  |TAMS 0x0000000438000000, 0x0000000438000000| Untracked 
|  75|0x0000000438800000, 0x0000000438800000, 0x0000000439000000|  0%| F|  |TAMS 0x0000000438800000, 0x0000000438800000| Untracked 
|  76|0x0000000439000000, 0x0000000439000000, 0x0000000439800000|  0%| F|  |TAMS 0x0000000439000000, 0x0000000439000000| Untracked 
|  77|0x0000000439800000, 0x0000000439800000, 0x000000043a000000|  0%| F|  |TAMS 0x0000000439800000, 0x0000000439800000| Untracked 
|  78|0x000000043a000000, 0x000000043a000000, 0x000000043a800000|  0%| F|  |TAMS 0x000000043a000000, 0x000000043a000000| Untracked 
|  79|0x000000043a800000, 0x000000043a800000, 0x000000043b000000|  0%| F|  |TAMS 0x000000043a800000, 0x000000043a800000| Untracked 
|  80|0x000000043b000000, 0x000000043b000000, 0x000000043b800000|  0%| F|  |TAMS 0x000000043b000000, 0x000000043b000000| Untracked 
|  81|0x000000043b800000, 0x000000043b800000, 0x000000043c000000|  0%| F|  |TAMS 0x000000043b800000, 0x000000043b800000| Untracked 
|  82|0x000000043c000000, 0x000000043c000000, 0x000000043c800000|  0%| F|  |TAMS 0x000000043c000000, 0x000000043c000000| Untracked 
|  83|0x000000043c800000, 0x000000043c800000, 0x000000043d000000|  0%| F|  |TAMS 0x000000043c800000, 0x000000043c800000| Untracked 
|  84|0x000000043d000000, 0x000000043d000000, 0x000000043d800000|  0%| F|  |TAMS 0x000000043d000000, 0x000000043d000000| Untracked 
|  85|0x000000043d800000, 0x000000043d800000, 0x000000043e000000|  0%| F|  |TAMS 0x000000043d800000, 0x000000043d800000| Untracked 
|  86|0x000000043e000000, 0x000000043e000000, 0x000000043e800000|  0%| F|  |TAMS 0x000000043e000000, 0x000000043e000000| Untracked 
|  87|0x000000043e800000, 0x000000043e800000, 0x000000043f000000|  0%| F|  |TAMS 0x000000043e800000, 0x000000043e800000| Untracked 
|  88|0x000000043f000000, 0x000000043f000000, 0x000000043f800000|  0%| F|  |TAMS 0x000000043f000000, 0x000000043f000000| Untracked 
|  89|0x000000043f800000, 0x000000043f800000, 0x0000000440000000|  0%| F|  |TAMS 0x000000043f800000, 0x000000043f800000| Untracked 
|  90|0x0000000440000000, 0x0000000440000000, 0x0000000440800000|  0%| F|  |TAMS 0x0000000440000000, 0x0000000440000000| Untracked 
|  91|0x0000000440800000, 0x0000000440800000, 0x0000000441000000|  0%| F|  |TAMS 0x0000000440800000, 0x0000000440800000| Untracked 
|  92|0x0000000441000000, 0x0000000441000000, 0x0000000441800000|  0%| F|  |TAMS 0x0000000441000000, 0x0000000441000000| Untracked 
|  93|0x0000000441800000, 0x0000000441800000, 0x0000000442000000|  0%| F|  |TAMS 0x0000000441800000, 0x0000000441800000| Untracked 
|  94|0x0000000442000000, 0x0000000442000000, 0x0000000442800000|  0%| F|  |TAMS 0x0000000442000000, 0x0000000442000000| Untracked 
|  95|0x0000000442800000, 0x0000000442800000, 0x0000000443000000|  0%| F|  |TAMS 0x0000000442800000, 0x0000000442800000| Untracked 
|  96|0x0000000443000000, 0x0000000443000000, 0x0000000443800000|  0%| F|  |TAMS 0x0000000443000000, 0x0000000443000000| Untracked 
|  97|0x0000000443800000, 0x0000000443800000, 0x0000000444000000|  0%| F|  |TAMS 0x0000000443800000, 0x0000000443800000| Untracked 
|  98|0x0000000444000000, 0x0000000444000000, 0x0000000444800000|  0%| F|  |TAMS 0x0000000444000000, 0x0000000444000000| Untracked 
|  99|0x0000000444800000, 0x0000000444800000, 0x0000000445000000|  0%| F|  |TAMS 0x0000000444800000, 0x0000000444800000| Untracked 
| 100|0x0000000445000000, 0x0000000445000000, 0x0000000445800000|  0%| F|  |TAMS 0x0000000445000000, 0x0000000445000000| Untracked 
| 101|0x0000000445800000, 0x0000000445800000, 0x0000000446000000|  0%| F|  |TAMS 0x0000000445800000, 0x0000000445800000| Untracked 
| 102|0x0000000446000000, 0x0000000446000000, 0x0000000446800000|  0%| F|  |TAMS 0x0000000446000000, 0x0000000446000000| Untracked 
| 103|0x0000000446800000, 0x0000000446800000, 0x0000000447000000|  0%| F|  |TAMS 0x0000000446800000, 0x0000000446800000| Untracked 
| 104|0x0000000447000000, 0x0000000447000000, 0x0000000447800000|  0%| F|  |TAMS 0x0000000447000000, 0x0000000447000000| Untracked 
| 105|0x0000000447800000, 0x0000000447800000, 0x0000000448000000|  0%| F|  |TAMS 0x0000000447800000, 0x0000000447800000| Untracked 
| 106|0x0000000448000000, 0x0000000448000000, 0x0000000448800000|  0%| F|  |TAMS 0x0000000448000000, 0x0000000448000000| Untracked 
| 107|0x0000000448800000, 0x0000000448800000, 0x0000000449000000|  0%| F|  |TAMS 0x0000000448800000, 0x0000000448800000| Untracked 
| 108|0x0000000449000000, 0x0000000449000000, 0x0000000449800000|  0%| F|  |TAMS 0x0000000449000000, 0x0000000449000000| Untracked 
| 109|0x0000000449800000, 0x0000000449800000, 0x000000044a000000|  0%| F|  |TAMS 0x0000000449800000, 0x0000000449800000| Untracked 
| 110|0x000000044a000000, 0x000000044a000000, 0x000000044a800000|  0%| F|  |TAMS 0x000000044a000000, 0x000000044a000000| Untracked 
| 111|0x000000044a800000, 0x000000044a800000, 0x000000044b000000|  0%| F|  |TAMS 0x000000044a800000, 0x000000044a800000| Untracked 
| 112|0x000000044b000000, 0x000000044b000000, 0x000000044b800000|  0%| F|  |TAMS 0x000000044b000000, 0x000000044b000000| Untracked 
| 113|0x000000044b800000, 0x000000044b800000, 0x000000044c000000|  0%| F|  |TAMS 0x000000044b800000, 0x000000044b800000| Untracked 
| 114|0x000000044c000000, 0x000000044c000000, 0x000000044c800000|  0%| F|  |TAMS 0x000000044c000000, 0x000000044c000000| Untracked 
| 115|0x000000044c800000, 0x000000044c800000, 0x000000044d000000|  0%| F|  |TAMS 0x000000044c800000, 0x000000044c800000| Untracked 
| 116|0x000000044d000000, 0x000000044d000000, 0x000000044d800000|  0%| F|  |TAMS 0x000000044d000000, 0x000000044d000000| Untracked 
| 117|0x000000044d800000, 0x000000044d800000, 0x000000044e000000|  0%| F|  |TAMS 0x000000044d800000, 0x000000044d800000| Untracked 
| 118|0x000000044e000000, 0x000000044e000000, 0x000000044e800000|  0%| F|  |TAMS 0x000000044e000000, 0x000000044e000000| Untracked 
| 119|0x000000044e800000, 0x000000044e800000, 0x000000044f000000|  0%| F|  |TAMS 0x000000044e800000, 0x000000044e800000| Untracked 
| 120|0x000000044f000000, 0x000000044f000000, 0x000000044f800000|  0%| F|  |TAMS 0x000000044f000000, 0x000000044f000000| Untracked 
| 121|0x000000044f800000, 0x000000044f800000, 0x0000000450000000|  0%| F|  |TAMS 0x000000044f800000, 0x000000044f800000| Untracked 
| 122|0x0000000450000000, 0x0000000450000000, 0x0000000450800000|  0%| F|  |TAMS 0x0000000450000000, 0x0000000450000000| Untracked 
| 123|0x0000000450800000, 0x0000000450800000, 0x0000000451000000|  0%| F|  |TAMS 0x0000000450800000, 0x0000000450800000| Untracked 
| 124|0x0000000451000000, 0x0000000451000000, 0x0000000451800000|  0%| F|  |TAMS 0x0000000451000000, 0x0000000451000000| Untracked 
| 125|0x0000000451800000, 0x00000004519eb870, 0x0000000452000000| 24%| E|  |TAMS 0x0000000451800000, 0x0000000451800000| Complete 
|2008|0x00000007ff000000, 0x00000007ff775000, 0x00000007ff800000| 93%|OA|  |TAMS 0x00000007ff000000, 0x00000007ff000000| Untracked 
|2009|0x00000007ff800000, 0x00000007ff877000, 0x0000000800000000|  5%|CA|  |TAMS 0x00000007ff800000, 0x00000007ff800000| Untracked 

Card table byte_map: [0x00007f076b4c1000,0x00007f076d429000] _byte_map_base: 0x00007f0769429000

Marking Bits (Prev, Next): (CMBitMap*) 0x00007f0784057620, (CMBitMap*) 0x00007f0784057660
 Prev Bits: [0x00007f0759a19000, 0x00007f0769559000)
 Next Bits: [0x00007f0749ed9000, 0x00007f0759a19000)

Polling page: 0x00007f078c65f000

Metaspace:

Usage:
  Non-class:     47.26 KB used.
      Class:      1.59 KB used.
       Both:     48.84 KB used.

Virtual space:
  Non-class space:       64.00 MB reserved,      64.00 KB ( <1%) committed,  1 nodes.
      Class space:        1.00 GB reserved,      64.00 KB ( <1%) committed,  1 nodes.
             Both:        1.06 GB reserved,     128.00 KB ( <1%) committed. 

Chunk freelists:
   Non-Class:  12.00 MB
       Class:  15.75 MB
        Both:  27.75 MB

MaxMetaspaceSize: unlimited
CompressedClassSpaceSize: 1.00 GB
Initial GC threshold: 21.00 MB
Current GC threshold: 21.00 MB
CDS: on
MetaspaceReclaimPolicy: balanced
 - commit_granule_bytes: 65536.
 - commit_granule_words: 8192.
 - virtual_space_node_default_size: 8388608.
 - enlarge_chunks_in_place: 1.
 - new_chunks_are_fully_committed: 0.
 - uncommit_free_chunks: 1.
 - use_allocation_guard: 0.
 - handle_deallocations: 1.


Internal statistics:

num_allocs_failed_limit: 0.
num_arena_births: 2.
num_arena_deaths: 0.
num_vsnodes_births: 2.
num_vsnodes_deaths: 0.
num_space_committed: 2.
num_space_uncommitted: 0.
num_chunks_returned_to_freelist: 0.
num_chunks_taken_from_freelist: 3.
num_chunk_merges: 0.
num_chunk_splits: 2.
num_chunks_enlarged: 0.
num_inconsistent_stats: 0.

CodeHeap 'non-profiled nmethods': size=120028Kb used=0Kb max_used=0Kb free=120028Kb
 bounds [0x00007f0774ef2000, 0x00007f0775162000, 0x00007f077c429000]
CodeHeap 'profiled nmethods': size=120028Kb used=0Kb max_used=0Kb free=120027Kb
 bounds [0x00007f076d429000, 0x00007f076d699000, 0x00007f0774960000]
CodeHeap 'non-nmethods': size=5704Kb used=1033Kb max_used=1045Kb free=4670Kb
 bounds [0x00007f0774960000, 0x00007f0774bd0000, 0x00007f0774ef2000]
 total_blobs=280 nmethods=1 adapters=194
 compilation: enabled
              stopped_count=0, restarted_count=0
 full_count=0

Compilation events (2 events):
Event: 0.038 Thread 0x00007f07841dfb10    1       3       java.lang.Object::<init> (1 bytes)
Event: 0.038 Thread 0x00007f07841dfb10 nmethod 1 0x00007f076d429010 code [0x00007f076d4291a0, 0x00007f076d4292b0]

GC Heap History (0 events):
No events

Dll operation events (2 events):
Event: 0.002 Loaded shared library /home/david/jdk17u/build/linux-x86_64-server-release/images/jdk/lib/libjava.so
Event: 0.030 Loaded shared library /home/david/jdk17u/build/linux-x86_64-server-release/images/jdk/lib/libjsvml.so

Deoptimization events (0 events):
No events

Classes unloaded (0 events):
No events

Classes redefined (0 events):
No events

Internal exceptions (0 events):
No events

VM Operations (0 events):
No events

Events (20 events):
Event: 0.033 Thread 0x00007f07841d4e90 Thread added: 0x00007f07841d4e90
Event: 0.033 Protecting memory [0x00007f0748fa7000,0x00007f0748fab000] with protection modes 0
Event: 0.034 loading class sun/nio/cs/UTF_8$Encoder
Event: 0.034 loading class sun/nio/cs/UTF_8$Encoder done
Event: 0.035 Thread 0x00007f07841da430 Thread added: 0x00007f07841da430
Event: 0.035 Protecting memory [0x00007f0748936000,0x00007f074893a000] with protection modes 0
Event: 0.035 Thread 0x00007f07841db7f0 Thread added: 0x00007f07841db7f0
Event: 0.035 Protecting memory [0x00007f0748835000,0x00007f0748839000] with protection modes 0
Event: 0.036 Thread 0x00007f07841dcc10 Thread added: 0x00007f07841dcc10
Event: 0.036 Protecting memory [0x00007f0748734000,0x00007f0748738000] with protection modes 0
Event: 0.036 Thread 0x00007f07841de5d0 Thread added: 0x00007f07841de5d0
Event: 0.036 Protecting memory [0x00007f0748633000,0x00007f0748637000] with protection modes 0
Event: 0.036 Thread 0x00007f07841dfb10 Thread added: 0x00007f07841dfb10
Event: 0.036 Protecting memory [0x00007f0748532000,0x00007f0748536000] with protection modes 0
Event: 0.036 Thread 0x00007f07841e8f80 Thread added: 0x00007f07841e8f80
Event: 0.036 Protecting memory [0x00007f0748431000,0x00007f0748435000] with protection modes 0
Event: 0.045 Thread 0x00007f07841f1860 Thread added: 0x00007f07841f1860
Event: 0.045 Protecting memory [0x00007f0748330000,0x00007f0748334000] with protection modes 0
Event: 0.045 loading class jdk/internal/vm/PostVMInitHook
Event: 0.045 loading class jdk/internal/vm/PostVMInitHook done


Dynamic libraries:
413000000-452000000 rw-p 00000000 00:00 0 
452000000-7ff000000 ---p 00000000 00:00 0 
7ff000000-7ff700000 rw-p 00000000 00:00 0 
7ff700000-7ff775000 rw-p 00c76000 08:05 26215970                         /home/david/jdk17u/build/linux-x86_64-server-release/images/jdk/lib/server/classes.jsa
7ff775000-7ff800000 rw-p 00000000 00:00 0 
7ff800000-7ff877000 rw-p 00bff000 08:05 26215970                         /home/david/jdk17u/build/linux-x86_64-server-release/images/jdk/lib/server/classes.jsa
7ff877000-800000000 rw-p 00000000 00:00 0 
5587c8fc7000-5587c8fc8000 r--p 00000000 08:05 26215238                   /home/david/jdk17u/build/linux-x86_64-server-release/images/jdk/bin/java
5587c8fc8000-5587c8fc9000 r-xp 00001000 08:05 26215238                   /home/david/jdk17u/build/linux-x86_64-server-release/images/jdk/bin/java
5587c8fc9000-5587c8fca000 r--p 00002000 08:05 26215238                   /home/david/jdk17u/build/linux-x86_64-server-release/images/jdk/bin/java
5587c8fca000-5587c8fcb000 r--p 00002000 08:05 26215238                   /home/david/jdk17u/build/linux-x86_64-server-release/images/jdk/bin/java
5587c8fcb000-5587c8fcc000 rw-p 00003000 08:05 26215238                   /home/david/jdk17u/build/linux-x86_64-server-release/images/jdk/bin/java
5587c8fd7000-5587c901e000 rw-p 00000000 00:00 0                          [heap]
7f06bc000000-7f06bc021000 rw-p 00000000 00:00 0 
7f06bc021000-7f06c0000000 ---p 00000000 00:00 0 
7f06c0000000-7f06c0021000 rw-p 00000000 00:00 0 
7f06c0021000-7f06c4000000 ---p 00000000 00:00 0 
7f06c4000000-7f06c403d000 rw-p 00000000 00:00 0 
7f06c403d000-7f06c8000000 ---p 00000000 00:00 0 
7f06c8000000-7f06c8021000 rw-p 00000000 00:00 0 
7f06c8021000-7f06cc000000 ---p 00000000 00:00 0 
7f06cc000000-7f06cc021000 rw-p 00000000 00:00 0 
7f06cc021000-7f06d0000000 ---p 00000000 00:00 0 
7f06d0000000-7f06d003e000 rw-p 00000000 00:00 0 
7f06d003e000-7f06d4000000 ---p 00000000 00:00 0 
7f06d4000000-7f06d4021000 rw-p 00000000 00:00 0 
7f06d4021000-7f06d8000000 ---p 00000000 00:00 0 
7f06d8000000-7f06d8021000 rw-p 00000000 00:00 0 
7f06d8021000-7f06dc000000 ---p 00000000 00:00 0 
7f06dc000000-7f06dc021000 rw-p 00000000 00:00 0 
7f06dc021000-7f06e0000000 ---p 00000000 00:00 0 
7f06e0000000-7f06e0021000 rw-p 00000000 00:00 0 
7f06e0021000-7f06e4000000 ---p 00000000 00:00 0 
7f06e4000000-7f06e4021000 rw-p 00000000 00:00 0 
7f06e4021000-7f06e8000000 ---p 00000000 00:00 0 
7f06eb000000-7f06ebbc7000 rw-p 00001000 08:05 26215970                   /home/david/jdk17u/build/linux-x86_64-server-release/images/jdk/lib/server/classes.jsa
7f06ebbc7000-7f06ec040000 ---p 00000000 00:00 0 
7f06ec040000-7f06ec050000 rw-p 00000000 00:00 0 
7f06ec050000-7f072c000000 ---p 00000000 00:00 0 
7f072c000000-7f072c021000 rw-p 00000000 00:00 0 
7f072c021000-7f0730000000 ---p 00000000 00:00 0 
7f0730000000-7f0730010000 rw-p 00000000 00:00 0 
7f0730010000-7f0734000000 ---p 00000000 00:00 0 
7f0734000000-7f0734021000 rw-p 00000000 00:00 0 
7f0734021000-7f0738000000 ---p 00000000 00:00 0 
7f0739d6c000-7f073c000000 rw-p 00000000 00:00 0 
7f073c000000-7f073c021000 rw-p 00000000 00:00 0 
7f073c021000-7f0740000000 ---p 00000000 00:00 0 
7f0740000000-7f0740021000 rw-p 00000000 00:00 0 
7f0740021000-7f0744000000 ---p 00000000 00:00 0 
7f0744000000-7f0744021000 rw-p 00000000 00:00 0 
7f0744021000-7f0748000000 ---p 00000000 00:00 0 
7f07480d7000-7f074822f000 rw-p 00000000 00:00 0 
7f074822f000-7f0748230000 ---p 00000000 00:00 0 
7f0748230000-7f0748330000 rw-p 00000000 00:00 0 
7f0748330000-7f0748334000 ---p 00000000 00:00 0 
7f0748334000-7f0748431000 rw-p 00000000 00:00 0 
7f0748431000-7f0748435000 ---p 00000000 00:00 0 
7f0748435000-7f0748532000 rw-p 00000000 00:00 0 
7f0748532000-7f0748536000 ---p 00000000 00:00 0 
7f0748536000-7f0748633000 rw-p 00000000 00:00 0 
7f0748633000-7f0748637000 ---p 00000000 00:00 0 
7f0748637000-7f0748734000 rw-p 00000000 00:00 0 
7f0748734000-7f0748738000 ---p 00000000 00:00 0 
7f0748738000-7f0748835000 rw-p 00000000 00:00 0 
7f0748835000-7f0748839000 ---p 00000000 00:00 0 
7f0748839000-7f0748936000 rw-p 00000000 00:00 0 
7f0748936000-7f074893a000 ---p 00000000 00:00 0 
7f074893a000-7f0748a37000 rw-p 00000000 00:00 0 
7f0748a37000-7f0748fa7000 r--p 00000000 08:05 40896806                   /usr/lib/locale/locale-archive
7f0748fa7000-7f0748fab000 ---p 00000000 00:00 0 
7f0748fab000-7f07490a8000 rw-p 00000000 00:00 0 
7f07490a8000-7f07490ac000 ---p 00000000 00:00 0 
7f07490ac000-7f07491a9000 rw-p 00000000 00:00 0 
7f07491a9000-7f07491aa000 ---p 00000000 00:00 0 
7f07491aa000-7f07492aa000 rw-p 00000000 00:00 0 
7f07492aa000-7f07492af000 r--p 00000000 08:05 26215299                   /home/david/jdk17u/build/linux-x86_64-server-release/images/jdk/lib/libjsvml.so
7f07492af000-7f07492f0000 r-xp 00005000 08:05 26215299                   /home/david/jdk17u/build/linux-x86_64-server-release/images/jdk/lib/libjsvml.so
7f07492f0000-7f0749379000 r--p 00046000 08:05 26215299                   /home/david/jdk17u/build/linux-x86_64-server-release/images/jdk/lib/libjsvml.so
7f0749379000-7f074937a000 r--p 000ce000 08:05 26215299                   /home/david/jdk17u/build/linux-x86_64-server-release/images/jdk/lib/libjsvml.so
7f074937a000-7f074937b000 rw-p 000cf000 08:05 26215299                   /home/david/jdk17u/build/linux-x86_64-server-release/images/jdk/lib/libjsvml.so
7f074937b000-7f0749498000 rw-p 00000000 00:00 0 
7f07494cf000-7f07494d0000 ---p 00000000 00:00 0 
7f07494d0000-7f07495d0000 rw-p 00000000 00:00 0 
7f07495d0000-7f07495d1000 ---p 00000000 00:00 0 
7f07495d1000-7f074ae99000 rw-p 00000000 00:00 0 
7f074ae99000-7f07599d9000 ---p 00000000 00:00 0 
7f07599d9000-7f075a9d9000 rw-p 00000000 00:00 0 
7f075a9d9000-7f0769519000 ---p 00000000 00:00 0 
7f0769519000-7f0769751000 rw-p 00000000 00:00 0 
7f0769751000-7f076b4b9000 ---p 00000000 00:00 0 
7f076b4b9000-7f076b6b9000 rw-p 00000000 00:00 0 
7f076b6b9000-7f076d421000 ---p 00000000 00:00 0 
7f076d421000-7f076d429000 rw-p 00000000 00:00 0 
7f076d429000-7f076d699000 rwxp 00000000 00:00 0 
7f076d699000-7f0774960000 ---p 00000000 00:00 0 
7f0774960000-7f0774bd0000 rwxp 00000000 00:00 0 
7f0774bd0000-7f0774ef2000 ---p 00000000 00:00 0 
7f0774ef2000-7f0775162000 rwxp 00000000 00:00 0 
7f0775162000-7f077c429000 ---p 00000000 00:00 0 
7f077c429000-7f0784000000 r--s 00000000 08:05 26215209                   /home/david/jdk17u/build/linux-x86_64-server-release/images/jdk/lib/modules
7f0784000000-7f0784200000 rw-p 00000000 00:00 0 
7f0784200000-7f0788000000 ---p 00000000 00:00 0 
7f0788017000-7f078801e000 r--s 00000000 08:05 41553097                   /usr/lib/x86_64-linux-gnu/gconv/gconv-modules.cache
7f078801e000-7f078801f000 ---p 00000000 00:00 0 
7f078801f000-7f078811f000 rw-p 00000000 00:00 0 
7f078811f000-7f0788120000 ---p 00000000 00:00 0 
7f0788120000-7f0788220000 rw-p 00000000 00:00 0 
7f0788220000-7f0788221000 ---p 00000000 00:00 0 
7f0788221000-7f07885da000 rw-p 00000000 00:00 0 
7f07885da000-7f078a342000 ---p 00000000 00:00 0 
7f078a342000-7f078abd5000 rw-p 00000000 00:00 0 
7f078abd5000-7f078acbb000 ---p 00000000 00:00 0 
7f078acbb000-7f078acc0000 rw-p 00000000 00:00 0 
7f078acc0000-7f078ada6000 ---p 00000000 00:00 0 
7f078ada6000-7f078adb2000 r--p 00000000 08:05 26215245                   /home/david/jdk17u/build/linux-x86_64-server-release/images/jdk/lib/libjava.so
7f078adb2000-7f078adc5000 r-xp 0000c000 08:05 26215245                   /home/david/jdk17u/build/linux-x86_64-server-release/images/jdk/lib/libjava.so
7f078adc5000-7f078adcb000 r--p 0001f000 08:05 26215245                   /home/david/jdk17u/build/linux-x86_64-server-release/images/jdk/lib/libjava.so
7f078adcb000-7f078adcc000 ---p 00025000 08:05 26215245                   /home/david/jdk17u/build/linux-x86_64-server-release/images/jdk/lib/libjava.so
7f078adcc000-7f078adcd000 r--p 00025000 08:05 26215245                   /home/david/jdk17u/build/linux-x86_64-server-release/images/jdk/lib/libjava.so
7f078adcd000-7f078adce000 rw-p 00026000 08:05 26215245                   /home/david/jdk17u/build/linux-x86_64-server-release/images/jdk/lib/libjava.so
7f078adce000-7f078adcf000 rw-p 00000000 00:00 0 
7f078adcf000-7f078add2000 r--p 00000000 08:05 40896665                   /usr/lib/x86_64-linux-gnu/libnss_files-2.31.so
7f078add2000-7f078add9000 r-xp 00003000 08:05 40896665                   /usr/lib/x86_64-linux-gnu/libnss_files-2.31.so
7f078add9000-7f078addb000 r--p 0000a000 08:05 40896665                   /usr/lib/x86_64-linux-gnu/libnss_files-2.31.so
7f078addb000-7f078addc000 r--p 0000b000 08:05 40896665                   /usr/lib/x86_64-linux-gnu/libnss_files-2.31.so
7f078addc000-7f078addd000 rw-p 0000c000 08:05 40896665                   /usr/lib/x86_64-linux-gnu/libnss_files-2.31.so
7f078addd000-7f078ade3000 rw-p 00000000 00:00 0 
7f078ade9000-7f078adee000 rw-p 00000000 00:00 0 
7f078adee000-7f078adf5000 ---p 00000000 00:00 0 
7f078adf5000-7f078adf8000 r--p 00000000 08:05 26215246                   /home/david/jdk17u/build/linux-x86_64-server-release/images/jdk/lib/libjimage.so
7f078adf8000-7f078ae0c000 r-xp 00003000 08:05 26215246                   /home/david/jdk17u/build/linux-x86_64-server-release/images/jdk/lib/libjimage.so
7f078ae0c000-7f078ae12000 r--p 00017000 08:05 26215246                   /home/david/jdk17u/build/linux-x86_64-server-release/images/jdk/lib/libjimage.so
7f078ae12000-7f078ae14000 r--p 0001c000 08:05 26215246                   /home/david/jdk17u/build/linux-x86_64-server-release/images/jdk/lib/libjimage.so
7f078ae14000-7f078ae15000 rw-p 0001e000 08:05 26215246                   /home/david/jdk17u/build/linux-x86_64-server-release/images/jdk/lib/libjimage.so
7f078ae15000-7f078ae19000 ---p 00000000 00:00 0 
7f078ae19000-7f078af16000 rw-p 00000000 00:00 0 
7f078af16000-7f078af23000 r--p 00000000 08:05 40896647                   /usr/lib/x86_64-linux-gnu/libm-2.31.so
7f078af23000-7f078afca000 r-xp 0000d000 08:05 40896647                   /usr/lib/x86_64-linux-gnu/libm-2.31.so
7f078afca000-7f078b063000 r--p 000b4000 08:05 40896647                   /usr/lib/x86_64-linux-gnu/libm-2.31.so
7f078b063000-7f078b064000 r--p 0014c000 08:05 40896647                   /usr/lib/x86_64-linux-gnu/libm-2.31.so
7f078b064000-7f078b065000 rw-p 0014d000 08:05 40896647                   /usr/lib/x86_64-linux-gnu/libm-2.31.so
7f078b065000-7f078b2b8000 r--p 00000000 08:05 26215260                   /home/david/jdk17u/build/linux-x86_64-server-release/images/jdk/lib/server/libjvm.so
7f078b2b8000-7f078c042000 r-xp 00253000 08:05 26215260                   /home/david/jdk17u/build/linux-x86_64-server-release/images/jdk/lib/server/libjvm.so
7f078c042000-7f078c2cd000 r--p 00fdd000 08:05 26215260                   /home/david/jdk17u/build/linux-x86_64-server-release/images/jdk/lib/server/libjvm.so
7f078c2cd000-7f078c2ce000 ---p 01268000 08:05 26215260                   /home/david/jdk17u/build/linux-x86_64-server-release/images/jdk/lib/server/libjvm.so
7f078c2ce000-7f078c387000 r--p 01268000 08:05 26215260                   /home/david/jdk17u/build/linux-x86_64-server-release/images/jdk/lib/server/libjvm.so
7f078c387000-7f078c3bc000 rw-p 01321000 08:05 26215260                   /home/david/jdk17u/build/linux-x86_64-server-release/images/jdk/lib/server/libjvm.so
7f078c3bc000-7f078c418000 rw-p 00000000 00:00 0 
7f078c418000-7f078c41e000 r--p 00000000 08:05 40896676                   /usr/lib/x86_64-linux-gnu/libpthread-2.31.so
7f078c41e000-7f078c42f000 r-xp 00006000 08:05 40896676                   /usr/lib/x86_64-linux-gnu/libpthread-2.31.so
7f078c42f000-7f078c435000 r--p 00017000 08:05 40896676                   /usr/lib/x86_64-linux-gnu/libpthread-2.31.so
7f078c435000-7f078c436000 r--p 0001c000 08:05 40896676                   /usr/lib/x86_64-linux-gnu/libpthread-2.31.so
7f078c436000-7f078c437000 rw-p 0001d000 08:05 40896676                   /usr/lib/x86_64-linux-gnu/libpthread-2.31.so
7f078c437000-7f078c43b000 rw-p 00000000 00:00 0 
7f078c43b000-7f078c43c000 r--p 00000000 08:05 40896646                   /usr/lib/x86_64-linux-gnu/libdl-2.31.so
7f078c43c000-7f078c43e000 r-xp 00001000 08:05 40896646                   /usr/lib/x86_64-linux-gnu/libdl-2.31.so
7f078c43e000-7f078c43f000 r--p 00003000 08:05 40896646                   /usr/lib/x86_64-linux-gnu/libdl-2.31.so
7f078c43f000-7f078c440000 r--p 00003000 08:05 40896646                   /usr/lib/x86_64-linux-gnu/libdl-2.31.so
7f078c440000-7f078c441000 rw-p 00004000 08:05 40896646                   /usr/lib/x86_64-linux-gnu/libdl-2.31.so
7f078c441000-7f078c443000 r--p 00000000 08:05 40894656                   /usr/lib/x86_64-linux-gnu/libz.so.1.2.11
7f078c443000-7f078c454000 r-xp 00002000 08:05 40894656                   /usr/lib/x86_64-linux-gnu/libz.so.1.2.11
7f078c454000-7f078c45a000 r--p 00013000 08:05 40894656                   /usr/lib/x86_64-linux-gnu/libz.so.1.2.11
7f078c45a000-7f078c45b000 ---p 00019000 08:05 40894656                   /usr/lib/x86_64-linux-gnu/libz.so.1.2.11
7f078c45b000-7f078c45c000 r--p 00019000 08:05 40894656                   /usr/lib/x86_64-linux-gnu/libz.so.1.2.11
7f078c45c000-7f078c45d000 rw-p 0001a000 08:05 40894656                   /usr/lib/x86_64-linux-gnu/libz.so.1.2.11
7f078c45d000-7f078c47f000 r--p 00000000 08:05 40896644                   /usr/lib/x86_64-linux-gnu/libc-2.31.so
7f078c47f000-7f078c5f7000 r-xp 00022000 08:05 40896644                   /usr/lib/x86_64-linux-gnu/libc-2.31.so
7f078c5f7000-7f078c645000 r--p 0019a000 08:05 40896644                   /usr/lib/x86_64-linux-gnu/libc-2.31.so
7f078c645000-7f078c649000 r--p 001e7000 08:05 40896644                   /usr/lib/x86_64-linux-gnu/libc-2.31.so
7f078c649000-7f078c64b000 rw-p 001eb000 08:05 40896644                   /usr/lib/x86_64-linux-gnu/libc-2.31.so
7f078c64b000-7f078c64f000 rw-p 00000000 00:00 0 
7f078c652000-7f078c65a000 rw-s 00000000 08:05 28835985                   /tmp/hsperfdata_david/340693
7f078c65a000-7f078c65b000 r--p 00000000 08:05 24268791                   /home/david/probe-scripts/libMethodArgsAgent.so
7f078c65b000-7f078c65c000 r-xp 00001000 08:05 24268791                   /home/david/probe-scripts/libMethodArgsAgent.so
7f078c65c000-7f078c65d000 r--p 00002000 08:05 24268791                   /home/david/probe-scripts/libMethodArgsAgent.so
7f078c65d000-7f078c65e000 r--p 00002000 08:05 24268791                   /home/david/probe-scripts/libMethodArgsAgent.so
7f078c65e000-7f078c65f000 rw-p 00003000 08:05 24268791                   /home/david/probe-scripts/libMethodArgsAgent.so
7f078c65f000-7f078c660000 ---p 00000000 00:00 0 
7f078c660000-7f078c661000 r--p 00000000 00:00 0 
7f078c661000-7f078c663000 r--p 00000000 08:05 26215247                   /home/david/jdk17u/build/linux-x86_64-server-release/images/jdk/lib/libjli.so
7f078c663000-7f078c66d000 r-xp 00002000 08:05 26215247                   /home/david/jdk17u/build/linux-x86_64-server-release/images/jdk/lib/libjli.so
7f078c66d000-7f078c670000 r--p 0000c000 08:05 26215247                   /home/david/jdk17u/build/linux-x86_64-server-release/images/jdk/lib/libjli.so
7f078c670000-7f078c671000 ---p 0000f000 08:05 26215247                   /home/david/jdk17u/build/linux-x86_64-server-release/images/jdk/lib/libjli.so
7f078c671000-7f078c672000 r--p 0000f000 08:05 26215247                   /home/david/jdk17u/build/linux-x86_64-server-release/images/jdk/lib/libjli.so
7f078c672000-7f078c673000 rw-p 00010000 08:05 26215247                   /home/david/jdk17u/build/linux-x86_64-server-release/images/jdk/lib/libjli.so
7f078c673000-7f078c675000 rw-p 00000000 00:00 0 
7f078c675000-7f078c676000 r--p 00000000 08:05 40896638                   /usr/lib/x86_64-linux-gnu/ld-2.31.so
7f078c676000-7f078c699000 r-xp 00001000 08:05 40896638                   /usr/lib/x86_64-linux-gnu/ld-2.31.so
7f078c699000-7f078c6a1000 r--p 00024000 08:05 40896638                   /usr/lib/x86_64-linux-gnu/ld-2.31.so
7f078c6a1000-7f078c6a2000 ---p 00000000 00:00 0 
7f078c6a2000-7f078c6a3000 r--p 0002c000 08:05 40896638                   /usr/lib/x86_64-linux-gnu/ld-2.31.so
7f078c6a3000-7f078c6a4000 rw-p 0002d000 08:05 40896638                   /usr/lib/x86_64-linux-gnu/ld-2.31.so
7f078c6a4000-7f078c6a5000 rw-p 00000000 00:00 0 
7fff5a9a9000-7fff5a9ca000 rw-p 00000000 00:00 0                          [stack]
7fff5a9cc000-7fff5a9d0000 r--p 00000000 00:00 0                          [vvar]
7fff5a9d0000-7fff5a9d2000 r-xp 00000000 00:00 0                          [vdso]
ffffffffff600000-ffffffffff601000 --xp 00000000 00:00 0                  [vsyscall]


VM Arguments:
jvm_args: -agentpath:/home/david/probe-scripts/libMethodArgsAgent.so 
java_command: EchoInput
java_class_path (initial): .
Launcher Type: SUN_STANDARD

[Global flags]
     intx CICompilerCount                          = 4                                         {product} {ergonomic}
     uint ConcGCThreads                            = 2                                         {product} {ergonomic}
     uint G1ConcRefinementThreads                  = 8                                         {product} {ergonomic}
   size_t G1HeapRegionSize                         = 8388608                                   {product} {ergonomic}
    uintx GCDrainStackTargetSize                   = 64                                        {product} {ergonomic}
   size_t InitialHeapSize                          = 1056964608                                {product} {ergonomic}
   size_t MarkStackSize                            = 4194304                                   {product} {ergonomic}
   size_t MaxHeapSize                              = 16861102080                               {product} {ergonomic}
   size_t MaxNewSize                               = 10116661248                               {product} {ergonomic}
   size_t MinHeapDeltaBytes                        = 8388608                                   {product} {ergonomic}
   size_t MinHeapSize                              = 8388608                                   {product} {ergonomic}
    uintx NonNMethodCodeHeapSize                   = 5839372                                {pd product} {ergonomic}
    uintx NonProfiledCodeHeapSize                  = 122909434                              {pd product} {ergonomic}
    uintx ProfiledCodeHeapSize                     = 122909434                              {pd product} {ergonomic}
    uintx ReservedCodeCacheSize                    = 251658240                              {pd product} {ergonomic}
     bool SegmentedCodeCache                       = true                                      {product} {ergonomic}
   size_t SoftMaxHeapSize                          = 16861102080                            {manageable} {ergonomic}
     bool UseCompressedClassPointers               = true                           {product lp64_product} {ergonomic}
     bool UseCompressedOops                        = true                           {product lp64_product} {ergonomic}
     bool UseG1GC                                  = true                                      {product} {ergonomic}

Logging:
Log output configuration:
 #0: stdout all=warning uptime,level,tags
 #1: stderr all=off uptime,level,tags

Environment Variables:
JAVA_HOME=/home/david/jdk17u/build/linux-x86_64-server-release/images/jdk
PATH=/home/david/jdk17u/build/linux-x86_64-server-release/images/jdk/bin:/home/david/.local/bin:/home/david/.nvm/versions/node/v12.22.9/bin:/usr/local/sbin:/usr/local/bin:/usr/sbin:/usr/bin:/sbin:/bin:/usr/games:/usr/local/games:/snap/bin
SHELL=/bin/bash
LANG=en_US.UTF-8
TERM=xterm-256color

Active Locale:
LC_ALL=en_US.UTF-8
LC_COLLATE=en_US.UTF-8
LC_CTYPE=en_US.UTF-8
LC_MESSAGES=en_US.UTF-8
LC_MONETARY=en_US.UTF-8
LC_NUMERIC=en_US.UTF-8
LC_TIME=en_US.UTF-8

Signal Handlers:
   SIGSEGV: crash_handler in libjvm.so, mask=11100100010111111101111111111110, flags=SA_RESTART|SA_SIGINFO, unblocked
    SIGBUS: crash_handler in libjvm.so, mask=11100100010111111101111111111110, flags=SA_RESTART|SA_SIGINFO, unblocked
    SIGFPE: crash_handler in libjvm.so, mask=11100100010111111101111111111110, flags=SA_RESTART|SA_SIGINFO, unblocked
   SIGPIPE: javaSignalHandler in libjvm.so, mask=11100100010111111101111111111110, flags=SA_RESTART|SA_SIGINFO, blocked
   SIGXFSZ: javaSignalHandler in libjvm.so, mask=11100100010111111101111111111110, flags=SA_RESTART|SA_SIGINFO, blocked
    SIGILL: crash_handler in libjvm.so, mask=11100100010111111101111111111110, flags=SA_RESTART|SA_SIGINFO, unblocked
   SIGUSR2: SR_handler in libjvm.so, mask=00000000000000000000000000000000, flags=SA_RESTART|SA_SIGINFO, blocked
    SIGHUP: UserHandler in libjvm.so, mask=11100100010111111101111111111110, flags=SA_RESTART|SA_SIGINFO, blocked
    SIGINT: UserHandler in libjvm.so, mask=11100100010111111101111111111110, flags=SA_RESTART|SA_SIGINFO, blocked
   SIGTERM: UserHandler in libjvm.so, mask=11100100010111111101111111111110, flags=SA_RESTART|SA_SIGINFO, blocked
   SIGQUIT: UserHandler in libjvm.so, mask=11100100010111111101111111111110, flags=SA_RESTART|SA_SIGINFO, blocked
   SIGTRAP: crash_handler in libjvm.so, mask=11100100010111111101111111111110, flags=SA_RESTART|SA_SIGINFO, unblocked


Periodic native trim disabled


---------------  S Y S T E M  ---------------

OS:
DISTRIB_ID=Ubuntu
DISTRIB_RELEASE=20.04
DISTRIB_CODENAME=focal
DISTRIB_DESCRIPTION="Ubuntu 20.04.6 LTS"
uname: Linux 5.15.0-91-generic #101~20.04.1-Ubuntu SMP Thu Nov 16 14:22:28 UTC 2023 x86_64
OS uptime: 86 days 8:40 hours
libc: glibc 2.31 NPTL 2.31 
rlimit (soft/hard): STACK 8192k/infinity , CORE 0k/infinity , NPROC 256884/256884 , NOFILE 1048576/1048576 , AS infinity/infinity , CPU infinity/infinity , DATA infinity/infinity , FSIZE infinity/infinity , MEMLOCK 65536k/65536k
load average: 2.49 0.81 0.28

/proc/meminfo:
MemTotal:       65843760 kB
MemFree:         7251156 kB
MemAvailable:   59892172 kB
Buffers:         1256860 kB
Cached:         48743376 kB
SwapCached:          112 kB
Active:         16992004 kB
Inactive:       37482280 kB
Active(anon):      31508 kB
Inactive(anon):  4507284 kB
Active(file):   16960496 kB
Inactive(file): 32974996 kB
Unevictable:           0 kB
Mlocked:               0 kB
SwapTotal:       2097148 kB
SwapFree:        2094820 kB
Dirty:               100 kB
Writeback:             0 kB
AnonPages:       4474296 kB
Mapped:           594276 kB
Shmem:             64744 kB
KReclaimable:    3431756 kB
Slab:            3848484 kB
SReclaimable:    3431756 kB
SUnreclaim:       416728 kB
KernelStack:       16668 kB
PageTables:        31260 kB
NFS_Unstable:          0 kB
Bounce:                0 kB
WritebackTmp:          0 kB
CommitLimit:    35019028 kB
Committed_AS:   14372684 kB
VmallocTotal:   34359738367 kB
VmallocUsed:       47548 kB
VmallocChunk:          0 kB
Percpu:            12864 kB
HardwareCorrupted:     0 kB
AnonHugePages:         0 kB
ShmemHugePages:        0 kB
ShmemPmdMapped:        0 kB
FileHugePages:         0 kB
FilePmdMapped:         0 kB
HugePages_Total:       0
HugePages_Free:        0
HugePages_Rsvd:        0
HugePages_Surp:        0
Hugepagesize:       2048 kB
Hugetlb:               0 kB
DirectMap4k:      733056 kB
DirectMap2M:    32821248 kB
DirectMap1G:    35651584 kB

/sys/kernel/mm/transparent_hugepage/enabled: always [madvise] never
/sys/kernel/mm/transparent_hugepage/hpage_pmd_size: 2097152
/sys/kernel/mm/transparent_hugepage/defrag (defrag/compaction efforts parameter): always defer defer+madvise [madvise] never

Process Memory:
Virtual Size: 19800568K (peak: 19800568K)
Resident Set Size: 41348K (peak: 41348K) (anon: 23116K, file: 18232K, shmem: 0K)
Swapped out: 0K
C-Heap outstanding allocations: 25095K, retained: 1956K
glibc malloc tunables: (default)

/proc/sys/kernel/threads-max (system-wide limit on the number of threads): 513768
/proc/sys/vm/max_map_count (maximum number of memory map areas a process may have): 65530
/proc/sys/kernel/pid_max (system-wide limit on number of process identifiers): 4194304

container (cgroup) information:
container_type: cgroupv1
cpu_cpuset_cpus: 0-7
cpu_memory_nodes: 0
active_processor_count: 8
cpu_quota: no quota
cpu_period: 100000
cpu_shares: no shares
memory_limit_in_bytes: unlimited
memory_and_swap_limit_in_bytes: unlimited
memory_soft_limit_in_bytes: unlimited
memory_usage_in_bytes: 35936 k
memory_max_usage_in_bytes: 35936 k
kernel_memory_usage_in_bytes: 1284 k
kernel_memory_max_usage_in_bytes: unlimited
kernel_memory_limit_in_bytes: 2264 k
maximum number of tasks: unlimited
current number of tasks: 21

VMWare virtualization detected
Steal ticks since vm start: 0
Steal ticks percentage since vm start:  0.000

CPU: total 8 (initial active 8) (1 cores per cpu, 1 threads per core) family 6 model 106 stepping 6 microcode 0xd0003a5, cx8, cmov, fxsr, mmx, 3dnowpref, sse, sse2, sse3, ssse3, sse4.1, sse4.2, popcnt, lzcnt, tsc, tscinvbit, avx, avx2, aes, erms, clmul, bmi1, bmi2, adx, avx512f, avx512dq, avx512cd, avx512bw, avx512vl, sha, fma, vzeroupper, avx512_vpopcntdq, avx512_vpclmulqdq, avx512_vaes, avx512_vnni, clflush, clflushopt, clwb, avx512_vbmi2, avx512_vbmi, hv
CPU Model and flags from /proc/cpuinfo:
model name	: Intel(R) Xeon(R) Silver 4314 CPU @ 2.40GHz
flags		: fpu vme de pse tsc msr pae mce cx8 apic sep mtrr pge mca cmov pat pse36 clflush mmx fxsr sse sse2 ss syscall nx pdpe1gb rdtscp lm constant_tsc arch_perfmon rep_good nopl xtopology tsc_reliable nonstop_tsc cpuid tsc_known_freq pni pclmulqdq ssse3 fma cx16 pcid sse4_1 sse4_2 x2apic movbe popcnt tsc_deadline_timer aes xsave avx f16c rdrand hypervisor lahf_lm abm 3dnowprefetch invpcid_single ssbd ibrs ibpb stibp ibrs_enhanced fsgsbase tsc_adjust bmi1 avx2 smep bmi2 erms invpcid avx512f avx512dq rdseed adx smap avx512ifma clflushopt clwb avx512cd sha_ni avx512bw avx512vl xsaveopt xsavec xgetbv1 xsaves wbnoinvd arat avx512vbmi umip pku ospke avx512_vbmi2 gfni vaes vpclmulqdq avx512_vnni avx512_bitalg avx512_vpopcntdq rdpid fsrm md_clear flush_l1d arch_capabilities

Online cpus: 0-7
Offline cpus: 
BIOS frequency limitation: <Not Available>
Frequency switch latency (ns): <Not Available>
Available cpu frequencies: <Not Available>
Current governor: <Not Available>
Core performance/turbo boost: <Not Available>

Memory: 4k page, physical 65843760k(7251156k free), swap 2097148k(2094820k free)
Page Sizes: 4k

vm_info: OpenJDK 64-Bit Server VM (17.0.11-internal+0-adhoc.david.jdk17u) for linux-amd64 JRE (17.0.11-internal+0-adhoc.david.jdk17u), built on Mar  7 2024 19:09:02 by "david" with gcc 9.4.0

END.
